<?xml version="1.0" encoding="UTF-8"?>
<coverage generated="1664873949181" clover="3.2.0">
  <project timestamp="1664873949181" name="All files">
    <metrics statements="303" coveredstatements="194" conditionals="68" coveredconditionals="10" methods="44" coveredmethods="16" elements="415" coveredelements="220" complexity="0" loc="303" ncloc="303" packages="5" files="22" classes="22">
      <package name="genres-endpoint">
        <metrics statements="16" coveredstatements="13" conditionals="2" coveredconditionals="1" methods="3" coveredmethods="1"/>
        <file name="index.js" path="/mnt/d/projects/dapp/nodejs-starter/genres-endpoint/index.js">
          <metrics statements="16" coveredstatements="13" conditionals="2" coveredconditionals="1" methods="3" coveredmethods="1"/>
          <line num="3" count="2" type="stmt"/>
          <line num="4" count="2" type="stmt"/>
          <line num="5" count="2" type="stmt"/>
          <line num="8" count="2" type="stmt"/>
          <line num="9" count="2" type="stmt"/>
          <line num="10" count="2" type="stmt"/>
          <line num="11" count="2" type="stmt"/>
          <line num="12" count="2" type="stmt"/>
          <line num="26" count="2" type="stmt"/>
          <line num="27" count="0" type="stmt"/>
          <line num="28" count="0" type="stmt"/>
          <line num="34" count="2" type="stmt"/>
          <line num="35" count="0" type="stmt"/>
          <line num="41" count="2" type="cond" truecount="1" falsecount="1"/>
          <line num="42" count="2" type="stmt"/>
          <line num="44" count="2" type="stmt"/>
        </file>
      </package>
      <package name="genres-endpoint.middleware">
        <metrics statements="29" coveredstatements="22" conditionals="10" coveredconditionals="4" methods="6" coveredmethods="4"/>
        <file name="admin.js" path="/mnt/d/projects/dapp/nodejs-starter/genres-endpoint/middleware/admin.js">
          <metrics statements="3" coveredstatements="1" conditionals="2" coveredconditionals="0" methods="1" coveredmethods="0"/>
          <line num="6" count="2" type="stmt"/>
          <line num="8" count="0" type="cond" truecount="0" falsecount="2"/>
          <line num="10" count="0" type="stmt"/>
        </file>
        <file name="async.js" path="/mnt/d/projects/dapp/nodejs-starter/genres-endpoint/middleware/async.js">
          <metrics statements="5" coveredstatements="4" conditionals="0" coveredconditionals="0" methods="2" coveredmethods="2"/>
          <line num="2" count="2" type="stmt"/>
          <line num="4" count="6" type="stmt"/>
          <line num="5" count="7" type="stmt"/>
          <line num="6" count="7" type="stmt"/>
          <line num="9" count="0" type="stmt"/>
        </file>
        <file name="auth.js" path="/mnt/d/projects/dapp/nodejs-starter/genres-endpoint/middleware/auth.js">
          <metrics statements="10" coveredstatements="10" conditionals="2" coveredconditionals="2" methods="1" coveredmethods="1"/>
          <line num="1" count="3" type="stmt"/>
          <line num="2" count="3" type="stmt"/>
          <line num="5" count="3" type="stmt"/>
          <line num="7" count="9" type="stmt"/>
          <line num="8" count="9" type="cond" truecount="2" falsecount="0"/>
          <line num="10" count="7" type="stmt"/>
          <line num="11" count="7" type="stmt"/>
          <line num="12" count="6" type="stmt"/>
          <line num="13" count="6" type="stmt"/>
          <line num="16" count="1" type="stmt"/>
        </file>
        <file name="error.js" path="/mnt/d/projects/dapp/nodejs-starter/genres-endpoint/middleware/error.js">
          <metrics statements="6" coveredstatements="2" conditionals="4" coveredconditionals="0" methods="1" coveredmethods="0"/>
          <line num="1" count="2" type="stmt"/>
          <line num="3" count="2" type="stmt"/>
          <line num="7" count="0" type="stmt"/>
          <line num="10" count="0" type="cond" truecount="0" falsecount="4"/>
          <line num="11" count="0" type="stmt"/>
          <line num="13" count="0" type="stmt"/>
        </file>
        <file name="validateObjectId.js" path="/mnt/d/projects/dapp/nodejs-starter/genres-endpoint/middleware/validateObjectId.js">
          <metrics statements="5" coveredstatements="5" conditionals="2" coveredconditionals="2" methods="1" coveredmethods="1"/>
          <line num="1" count="2" type="stmt"/>
          <line num="3" count="2" type="stmt"/>
          <line num="5" count="2" type="cond" truecount="2" falsecount="0"/>
          <line num="6" count="1" type="stmt"/>
          <line num="8" count="1" type="stmt"/>
        </file>
      </package>
      <package name="genres-endpoint.models">
        <metrics statements="47" coveredstatements="39" conditionals="0" coveredconditionals="0" methods="6" coveredmethods="2"/>
        <file name="customers.js" path="/mnt/d/projects/dapp/nodejs-starter/genres-endpoint/models/customers.js">
          <metrics statements="7" coveredstatements="5" conditionals="0" coveredconditionals="0" methods="1" coveredmethods="0"/>
          <line num="1" count="2" type="stmt"/>
          <line num="2" count="2" type="stmt"/>
          <line num="6" count="2" type="stmt"/>
          <line num="27" count="0" type="stmt"/>
          <line num="33" count="0" type="stmt"/>
          <line num="37" count="2" type="stmt"/>
          <line num="38" count="2" type="stmt"/>
        </file>
        <file name="genres.js" path="/mnt/d/projects/dapp/nodejs-starter/genres-endpoint/models/genres.js">
          <metrics statements="9" coveredstatements="9" conditionals="0" coveredconditionals="0" methods="1" coveredmethods="1"/>
          <line num="1" count="2" type="stmt"/>
          <line num="2" count="2" type="stmt"/>
          <line num="12" count="2" type="stmt"/>
          <line num="21" count="2" type="stmt"/>
          <line num="25" count="5" type="stmt"/>
          <line num="29" count="5" type="stmt"/>
          <line num="33" count="2" type="stmt"/>
          <line num="34" count="2" type="stmt"/>
          <line num="35" count="2" type="stmt"/>
        </file>
        <file name="movies.js" path="/mnt/d/projects/dapp/nodejs-starter/genres-endpoint/models/movies.js">
          <metrics statements="8" coveredstatements="6" conditionals="0" coveredconditionals="0" methods="1" coveredmethods="0"/>
          <line num="1" count="2" type="stmt"/>
          <line num="2" count="2" type="stmt"/>
          <line num="3" count="2" type="stmt"/>
          <line num="7" count="2" type="stmt"/>
          <line num="34" count="0" type="stmt"/>
          <line num="41" count="0" type="stmt"/>
          <line num="45" count="2" type="stmt"/>
          <line num="46" count="2" type="stmt"/>
        </file>
        <file name="rentals.js" path="/mnt/d/projects/dapp/nodejs-starter/genres-endpoint/models/rentals.js">
          <metrics statements="7" coveredstatements="5" conditionals="0" coveredconditionals="0" methods="1" coveredmethods="0"/>
          <line num="8" count="2" type="stmt"/>
          <line num="9" count="2" type="stmt"/>
          <line num="12" count="2" type="stmt"/>
          <line num="67" count="0" type="stmt"/>
          <line num="72" count="0" type="stmt"/>
          <line num="75" count="2" type="stmt"/>
          <line num="76" count="2" type="stmt"/>
        </file>
        <file name="user.js" path="/mnt/d/projects/dapp/nodejs-starter/genres-endpoint/models/user.js">
          <metrics statements="16" coveredstatements="14" conditionals="0" coveredconditionals="0" methods="2" coveredmethods="1"/>
          <line num="1" count="4" type="stmt"/>
          <line num="2" count="4" type="stmt"/>
          <line num="3" count="4" type="stmt"/>
          <line num="4" count="4" type="stmt"/>
          <line num="5" count="4" type="stmt"/>
          <line num="9" count="4" type="stmt"/>
          <line num="37" count="4" type="stmt"/>
          <line num="38" count="10" type="stmt"/>
          <line num="39" count="10" type="stmt"/>
          <line num="42" count="4" type="stmt"/>
          <line num="45" count="4" type="stmt"/>
          <line num="54" count="4" type="stmt"/>
          <line num="58" count="0" type="stmt"/>
          <line num="65" count="0" type="stmt"/>
          <line num="69" count="4" type="stmt"/>
          <line num="70" count="4" type="stmt"/>
        </file>
      </package>
      <package name="genres-endpoint.routes">
        <metrics statements="165" coveredstatements="79" conditionals="52" coveredconditionals="3" methods="22" coveredmethods="3"/>
        <file name="auth.js" path="/mnt/d/projects/dapp/nodejs-starter/genres-endpoint/routes/auth.js">
          <metrics statements="20" coveredstatements="10" conditionals="6" coveredconditionals="0" methods="2" coveredmethods="0"/>
          <line num="1" count="2" type="stmt"/>
          <line num="2" count="2" type="stmt"/>
          <line num="3" count="2" type="stmt"/>
          <line num="4" count="2" type="stmt"/>
          <line num="5" count="2" type="stmt"/>
          <line num="6" count="2" type="stmt"/>
          <line num="7" count="2" type="stmt"/>
          <line num="8" count="2" type="stmt"/>
          <line num="11" count="2" type="stmt"/>
          <line num="12" count="0" type="stmt"/>
          <line num="13" count="0" type="cond" truecount="0" falsecount="2"/>
          <line num="15" count="0" type="stmt"/>
          <line num="16" count="0" type="cond" truecount="0" falsecount="2"/>
          <line num="18" count="0" type="stmt"/>
          <line num="19" count="0" type="cond" truecount="0" falsecount="2"/>
          <line num="21" count="0" type="stmt"/>
          <line num="23" count="0" type="stmt"/>
          <line num="29" count="0" type="stmt"/>
          <line num="35" count="0" type="stmt"/>
          <line num="39" count="2" type="stmt"/>
        </file>
        <file name="customers.js" path="/mnt/d/projects/dapp/nodejs-starter/genres-endpoint/routes/customers.js">
          <metrics statements="27" coveredstatements="9" conditionals="10" coveredconditionals="0" methods="5" coveredmethods="0"/>
          <line num="1" count="2" type="stmt"/>
          <line num="2" count="2" type="stmt"/>
          <line num="3" count="2" type="stmt"/>
          <line num="5" count="2" type="stmt"/>
          <line num="6" count="0" type="stmt"/>
          <line num="7" count="0" type="stmt"/>
          <line num="12" count="2" type="stmt"/>
          <line num="14" count="0" type="stmt"/>
          <line num="16" count="0" type="cond" truecount="0" falsecount="2"/>
          <line num="17" count="0" type="stmt"/>
          <line num="22" count="2" type="stmt"/>
          <line num="23" count="0" type="stmt"/>
          <line num="24" count="0" type="cond" truecount="0" falsecount="2"/>
          <line num="26" count="0" type="stmt"/>
          <line num="32" count="0" type="stmt"/>
          <line num="33" count="0" type="stmt"/>
          <line num="38" count="2" type="stmt"/>
          <line num="41" count="0" type="stmt"/>
          <line num="42" count="0" type="cond" truecount="0" falsecount="2"/>
          <line num="44" count="0" type="stmt"/>
          <line num="54" count="0" type="cond" truecount="0" falsecount="2"/>
          <line num="56" count="0" type="stmt"/>
          <line num="61" count="2" type="stmt"/>
          <line num="64" count="0" type="stmt"/>
          <line num="65" count="0" type="cond" truecount="0" falsecount="2"/>
          <line num="68" count="0" type="stmt"/>
          <line num="72" count="2" type="stmt"/>
        </file>
        <file name="genres.js" path="/mnt/d/projects/dapp/nodejs-starter/genres-endpoint/routes/genres.js">
          <metrics statements="32" coveredstatements="23" conditionals="10" coveredconditionals="3" methods="5" coveredmethods="3"/>
          <line num="1" count="2" type="stmt"/>
          <line num="2" count="2" type="stmt"/>
          <line num="3" count="2" type="stmt"/>
          <line num="4" count="2" type="stmt"/>
          <line num="5" count="2" type="stmt"/>
          <line num="6" count="2" type="stmt"/>
          <line num="7" count="2" type="stmt"/>
          <line num="8" count="2" type="stmt"/>
          <line num="12" count="2" type="stmt"/>
          <line num="14" count="1" type="stmt"/>
          <line num="15" count="1" type="stmt"/>
          <line num="21" count="2" type="stmt"/>
          <line num="23" count="1" type="stmt"/>
          <line num="25" count="1" type="cond" truecount="1" falsecount="1"/>
          <line num="27" count="0" type="stmt"/>
          <line num="32" count="2" type="stmt"/>
          <line num="34" count="5" type="stmt"/>
          <line num="35" count="5" type="cond" truecount="2" falsecount="0"/>
          <line num="37" count="3" type="stmt"/>
          <line num="38" count="3" type="stmt"/>
          <line num="39" count="3" type="stmt"/>
          <line num="44" count="2" type="stmt"/>
          <line num="47" count="0" type="stmt"/>
          <line num="48" count="0" type="cond" truecount="0" falsecount="2"/>
          <line num="50" count="0" type="stmt"/>
          <line num="55" count="0" type="cond" truecount="0" falsecount="2"/>
          <line num="57" count="0" type="stmt"/>
          <line num="62" count="2" type="stmt"/>
          <line num="65" count="0" type="stmt"/>
          <line num="66" count="0" type="cond" truecount="0" falsecount="2"/>
          <line num="69" count="0" type="stmt"/>
          <line num="72" count="2" type="stmt"/>
        </file>
        <file name="movies.js" path="/mnt/d/projects/dapp/nodejs-starter/genres-endpoint/routes/movies.js">
          <metrics statements="31" coveredstatements="11" conditionals="12" coveredconditionals="0" methods="5" coveredmethods="0"/>
          <line num="1" count="2" type="stmt"/>
          <line num="2" count="2" type="stmt"/>
          <line num="3" count="2" type="stmt"/>
          <line num="4" count="2" type="stmt"/>
          <line num="5" count="2" type="stmt"/>
          <line num="7" count="2" type="stmt"/>
          <line num="8" count="0" type="stmt"/>
          <line num="9" count="0" type="stmt"/>
          <line num="14" count="2" type="stmt"/>
          <line num="16" count="0" type="stmt"/>
          <line num="18" count="0" type="cond" truecount="0" falsecount="2"/>
          <line num="19" count="0" type="stmt"/>
          <line num="24" count="2" type="stmt"/>
          <line num="25" count="0" type="stmt"/>
          <line num="26" count="0" type="cond" truecount="0" falsecount="2"/>
          <line num="28" count="0" type="stmt"/>
          <line num="29" count="0" type="cond" truecount="0" falsecount="2"/>
          <line num="31" count="0" type="stmt"/>
          <line num="41" count="0" type="stmt"/>
          <line num="42" count="0" type="stmt"/>
          <line num="47" count="2" type="stmt"/>
          <line num="50" count="0" type="stmt"/>
          <line num="51" count="0" type="cond" truecount="0" falsecount="2"/>
          <line num="53" count="0" type="stmt"/>
          <line num="66" count="0" type="cond" truecount="0" falsecount="2"/>
          <line num="68" count="0" type="stmt"/>
          <line num="73" count="2" type="stmt"/>
          <line num="76" count="0" type="stmt"/>
          <line num="77" count="0" type="cond" truecount="0" falsecount="2"/>
          <line num="80" count="0" type="stmt"/>
          <line num="84" count="2" type="stmt"/>
        </file>
        <file name="rentals.js" path="/mnt/d/projects/dapp/nodejs-starter/genres-endpoint/routes/rentals.js">
          <metrics statements="30" coveredstatements="13" conditionals="10" coveredconditionals="0" methods="3" coveredmethods="0"/>
          <line num="9" count="2" type="stmt"/>
          <line num="10" count="2" type="stmt"/>
          <line num="11" count="2" type="stmt"/>
          <line num="12" count="2" type="stmt"/>
          <line num="13" count="2" type="stmt"/>
          <line num="14" count="2" type="stmt"/>
          <line num="15" count="2" type="stmt"/>
          <line num="16" count="2" type="stmt"/>
          <line num="19" count="2" type="stmt"/>
          <line num="21" count="2" type="stmt"/>
          <line num="22" count="0" type="stmt"/>
          <line num="23" count="0" type="stmt"/>
          <line num="26" count="2" type="stmt"/>
          <line num="27" count="0" type="stmt"/>
          <line num="28" count="0" type="cond" truecount="0" falsecount="2"/>
          <line num="30" count="0" type="stmt"/>
          <line num="31" count="0" type="cond" truecount="0" falsecount="2"/>
          <line num="33" count="0" type="stmt"/>
          <line num="34" count="0" type="cond" truecount="0" falsecount="2"/>
          <line num="36" count="0" type="cond" truecount="0" falsecount="2"/>
          <line num="38" count="0" type="stmt"/>
          <line num="66" count="0" type="stmt"/>
          <line num="68" count="0" type="stmt"/>
          <line num="69" count="0" type="stmt"/>
          <line num="71" count="0" type="stmt"/>
          <line num="74" count="2" type="stmt"/>
          <line num="75" count="0" type="stmt"/>
          <line num="77" count="0" type="cond" truecount="0" falsecount="2"/>
          <line num="79" count="0" type="stmt"/>
          <line num="82" count="2" type="stmt"/>
        </file>
        <file name="users.js" path="/mnt/d/projects/dapp/nodejs-starter/genres-endpoint/routes/users.js">
          <metrics statements="25" coveredstatements="13" conditionals="4" coveredconditionals="0" methods="2" coveredmethods="0"/>
          <line num="1" count="2" type="stmt"/>
          <line num="2" count="2" type="stmt"/>
          <line num="3" count="2" type="stmt"/>
          <line num="4" count="2" type="stmt"/>
          <line num="5" count="2" type="stmt"/>
          <line num="6" count="2" type="stmt"/>
          <line num="7" count="2" type="stmt"/>
          <line num="8" count="2" type="stmt"/>
          <line num="9" count="2" type="stmt"/>
          <line num="10" count="2" type="stmt"/>
          <line num="12" count="2" type="stmt"/>
          <line num="13" count="0" type="stmt"/>
          <line num="14" count="0" type="stmt"/>
          <line num="17" count="2" type="stmt"/>
          <line num="18" count="0" type="stmt"/>
          <line num="19" count="0" type="cond" truecount="0" falsecount="2"/>
          <line num="21" count="0" type="stmt"/>
          <line num="22" count="0" type="cond" truecount="0" falsecount="2"/>
          <line num="24" count="0" type="stmt"/>
          <line num="25" count="0" type="stmt"/>
          <line num="26" count="0" type="stmt"/>
          <line num="28" count="0" type="stmt"/>
          <line num="30" count="0" type="stmt"/>
          <line num="31" count="0" type="stmt"/>
          <line num="36" count="2" type="stmt"/>
        </file>
      </package>
      <package name="genres-endpoint.startup">
        <metrics statements="46" coveredstatements="41" conditionals="4" coveredconditionals="2" methods="7" coveredmethods="6"/>
        <file name="config.js" path="/mnt/d/projects/dapp/nodejs-starter/genres-endpoint/startup/config.js">
          <metrics statements="9" coveredstatements="5" conditionals="4" coveredconditionals="2" methods="1" coveredmethods="1"/>
          <line num="1" count="2" type="stmt"/>
          <line num="3" count="2" type="stmt"/>
          <line num="5" count="2" type="stmt"/>
          <line num="8" count="2" type="cond" truecount="1" falsecount="1"/>
          <line num="9" count="0" type="stmt"/>
          <line num="10" count="0" type="stmt"/>
          <line num="12" count="2" type="cond" truecount="1" falsecount="1"/>
          <line num="13" count="0" type="stmt"/>
          <line num="14" count="0" type="stmt"/>
        </file>
        <file name="db.js" path="/mnt/d/projects/dapp/nodejs-starter/genres-endpoint/startup/db.js">
          <metrics statements="8" coveredstatements="8" conditionals="0" coveredconditionals="0" methods="2" coveredmethods="2"/>
          <line num="1" count="2" type="stmt"/>
          <line num="2" count="2" type="stmt"/>
          <line num="3" count="2" type="stmt"/>
          <line num="6" count="2" type="stmt"/>
          <line num="7" count="2" type="stmt"/>
          <line num="8" count="2" type="stmt"/>
          <line num="9" count="2" type="stmt"/>
          <line num="10" count="2" type="stmt"/>
        </file>
        <file name="logging.js" path="/mnt/d/projects/dapp/nodejs-starter/genres-endpoint/startup/logging.js">
          <metrics statements="9" coveredstatements="8" conditionals="0" coveredconditionals="0" methods="2" coveredmethods="1"/>
          <line num="1" count="2" type="stmt"/>
          <line num="2" count="2" type="stmt"/>
          <line num="3" count="2" type="stmt"/>
          <line num="5" count="2" type="stmt"/>
          <line num="8" count="2" type="stmt"/>
          <line num="13" count="2" type="stmt"/>
          <line num="14" count="0" type="stmt"/>
          <line num="18" count="2" type="stmt"/>
          <line num="19" count="2" type="stmt"/>
        </file>
        <file name="routes.js" path="/mnt/d/projects/dapp/nodejs-starter/genres-endpoint/startup/routes.js">
          <metrics statements="17" coveredstatements="17" conditionals="0" coveredconditionals="0" methods="1" coveredmethods="1"/>
          <line num="1" count="2" type="stmt"/>
          <line num="2" count="2" type="stmt"/>
          <line num="3" count="2" type="stmt"/>
          <line num="4" count="2" type="stmt"/>
          <line num="5" count="2" type="stmt"/>
          <line num="6" count="2" type="stmt"/>
          <line num="7" count="2" type="stmt"/>
          <line num="8" count="2" type="stmt"/>
          <line num="11" count="2" type="stmt"/>
          <line num="12" count="2" type="stmt"/>
          <line num="13" count="2" type="stmt"/>
          <line num="14" count="2" type="stmt"/>
          <line num="15" count="2" type="stmt"/>
          <line num="16" count="2" type="stmt"/>
          <line num="17" count="2" type="stmt"/>
          <line num="18" count="2" type="stmt"/>
          <line num="20" count="2" type="stmt"/>
        </file>
        <file name="validation.js" path="/mnt/d/projects/dapp/nodejs-starter/genres-endpoint/startup/validation.js">
          <metrics statements="3" coveredstatements="3" conditionals="0" coveredconditionals="0" methods="1" coveredmethods="1"/>
          <line num="1" count="2" type="stmt"/>
          <line num="3" count="2" type="stmt"/>
          <line num="5" count="2" type="stmt"/>
        </file>
      </package>
    </metrics>
  </project>
</coverage>
