{"/home/dave/apps/javascript/projects/genres-endpoint/index.js": {"path":"/home/dave/apps/javascript/projects/genres-endpoint/index.js","statementMap":{"0":{"start":{"line":3,"column":16},"end":{"line":3,"column":34}},"1":{"start":{"line":4,"column":16},"end":{"line":4,"column":34}},"2":{"start":{"line":5,"column":12},"end":{"line":5,"column":21}},"3":{"start":{"line":8,"column":0},"end":{"line":8,"column":31}},"4":{"start":{"line":9,"column":0},"end":{"line":9,"column":33}},"5":{"start":{"line":10,"column":0},"end":{"line":10,"column":26}},"6":{"start":{"line":11,"column":0},"end":{"line":11,"column":30}},"7":{"start":{"line":12,"column":0},"end":{"line":12,"column":34}},"8":{"start":{"line":26,"column":0},"end":{"line":29,"column":3}},"9":{"start":{"line":27,"column":4},"end":{"line":27,"column":30}},"10":{"start":{"line":28,"column":4},"end":{"line":28,"column":11}},"11":{"start":{"line":34,"column":0},"end":{"line":37,"column":3}},"12":{"start":{"line":35,"column":4},"end":{"line":35,"column":44}},"13":{"start":{"line":41,"column":13},"end":{"line":41,"column":37}},"14":{"start":{"line":42,"column":15},"end":{"line":42,"column":80}},"15":{"start":{"line":42,"column":38},"end":{"line":42,"column":79}},"16":{"start":{"line":44,"column":0},"end":{"line":44,"column":24}}},"fnMap":{"0":{"name":"(anonymous_0)","decl":{"start":{"line":26,"column":8},"end":{"line":26,"column":9}},"loc":{"start":{"line":26,"column":34},"end":{"line":29,"column":1}},"line":26},"1":{"name":"(anonymous_1)","decl":{"start":{"line":34,"column":13},"end":{"line":34,"column":14}},"loc":{"start":{"line":34,"column":27},"end":{"line":37,"column":1}},"line":34},"2":{"name":"(anonymous_2)","decl":{"start":{"line":42,"column":32},"end":{"line":42,"column":33}},"loc":{"start":{"line":42,"column":38},"end":{"line":42,"column":79}},"line":42}},"branchMap":{"0":{"loc":{"start":{"line":41,"column":13},"end":{"line":41,"column":37}},"type":"binary-expr","locations":[{"start":{"line":41,"column":13},"end":{"line":41,"column":29}},{"start":{"line":41,"column":33},"end":{"line":41,"column":37}}],"line":41}},"s":{"0":3,"1":3,"2":3,"3":3,"4":3,"5":3,"6":3,"7":3,"8":3,"9":0,"10":0,"11":3,"12":0,"13":3,"14":3,"15":3,"16":3},"f":{"0":0,"1":0,"2":3},"b":{"0":[3,0]},"_coverageSchema":"332fd63041d2c1bcb487cc26dd0d5f7d97098a6c","hash":"626a08489f443773f887bfc4631165bafcd081e0"}
,"/home/dave/apps/javascript/projects/genres-endpoint/middleware/admin.js": {"path":"/home/dave/apps/javascript/projects/genres-endpoint/middleware/admin.js","statementMap":{"0":{"start":{"line":6,"column":0},"end":{"line":11,"column":1}},"1":{"start":{"line":8,"column":4},"end":{"line":8,"column":90}},"2":{"start":{"line":8,"column":27},"end":{"line":8,"column":90}},"3":{"start":{"line":10,"column":4},"end":{"line":10,"column":11}}},"fnMap":{"0":{"name":"(anonymous_0)","decl":{"start":{"line":6,"column":17},"end":{"line":6,"column":18}},"loc":{"start":{"line":6,"column":43},"end":{"line":11,"column":1}},"line":6}},"branchMap":{"0":{"loc":{"start":{"line":8,"column":4},"end":{"line":8,"column":90}},"type":"if","locations":[{"start":{"line":8,"column":4},"end":{"line":8,"column":90}},{"start":{"line":8,"column":4},"end":{"line":8,"column":90}}],"line":8}},"s":{"0":3,"1":0,"2":0,"3":0},"f":{"0":0},"b":{"0":[0,0]},"_coverageSchema":"332fd63041d2c1bcb487cc26dd0d5f7d97098a6c","hash":"11256d79d0ea4da1306840d5a6c1fafbfb6caaad"}
,"/home/dave/apps/javascript/projects/genres-endpoint/middleware/async.js": {"path":"/home/dave/apps/javascript/projects/genres-endpoint/middleware/async.js","statementMap":{"0":{"start":{"line":2,"column":0},"end":{"line":12,"column":2}},"1":{"start":{"line":4,"column":4},"end":{"line":11,"column":4}},"2":{"start":{"line":5,"column":4},"end":{"line":10,"column":5}},"3":{"start":{"line":6,"column":8},"end":{"line":6,"column":32}},"4":{"start":{"line":9,"column":8},"end":{"line":9,"column":17}}},"fnMap":{"0":{"name":"(anonymous_0)","decl":{"start":{"line":2,"column":17},"end":{"line":2,"column":18}},"loc":{"start":{"line":2,"column":36},"end":{"line":12,"column":1}},"line":2},"1":{"name":"(anonymous_1)","decl":{"start":{"line":4,"column":11},"end":{"line":4,"column":12}},"loc":{"start":{"line":4,"column":37},"end":{"line":11,"column":3}},"line":4}},"branchMap":{},"s":{"0":3,"1":9,"2":7,"3":7,"4":0},"f":{"0":9,"1":7},"b":{},"_coverageSchema":"332fd63041d2c1bcb487cc26dd0d5f7d97098a6c","hash":"0aa8cf3ad2836970bd9bc93997736b6b6951b590"}
,"/home/dave/apps/javascript/projects/genres-endpoint/middleware/auth.js": {"path":"/home/dave/apps/javascript/projects/genres-endpoint/middleware/auth.js","statementMap":{"0":{"start":{"line":1,"column":12},"end":{"line":1,"column":35}},"1":{"start":{"line":2,"column":15},"end":{"line":2,"column":32}},"2":{"start":{"line":5,"column":0},"end":{"line":18,"column":1}},"3":{"start":{"line":7,"column":18},"end":{"line":7,"column":44}},"4":{"start":{"line":8,"column":4},"end":{"line":8,"column":89}},"5":{"start":{"line":8,"column":16},"end":{"line":8,"column":89}},"6":{"start":{"line":10,"column":4},"end":{"line":17,"column":5}},"7":{"start":{"line":11,"column":24},"end":{"line":11,"column":70}},"8":{"start":{"line":12,"column":8},"end":{"line":12,"column":27}},"9":{"start":{"line":13,"column":8},"end":{"line":13,"column":15}},"10":{"start":{"line":16,"column":8},"end":{"line":16,"column":64}}},"fnMap":{"0":{"name":"(anonymous_0)","decl":{"start":{"line":5,"column":17},"end":{"line":5,"column":18}},"loc":{"start":{"line":5,"column":43},"end":{"line":18,"column":1}},"line":5}},"branchMap":{"0":{"loc":{"start":{"line":8,"column":4},"end":{"line":8,"column":89}},"type":"if","locations":[{"start":{"line":8,"column":4},"end":{"line":8,"column":89}},{"start":{"line":8,"column":4},"end":{"line":8,"column":89}}],"line":8}},"s":{"0":4,"1":4,"2":4,"3":19,"4":19,"5":3,"6":16,"7":16,"8":15,"9":15,"10":1},"f":{"0":19},"b":{"0":[3,16]},"_coverageSchema":"332fd63041d2c1bcb487cc26dd0d5f7d97098a6c","hash":"421596d2fc7cbddc44750519ad43fe06eadccd71"}
,"/home/dave/apps/javascript/projects/genres-endpoint/middleware/error.js": {"path":"/home/dave/apps/javascript/projects/genres-endpoint/middleware/error.js","statementMap":{"0":{"start":{"line":1,"column":16},"end":{"line":1,"column":34}},"1":{"start":{"line":3,"column":0},"end":{"line":14,"column":1}},"2":{"start":{"line":7,"column":4},"end":{"line":7,"column":36}},"3":{"start":{"line":10,"column":4},"end":{"line":11,"column":109}},"4":{"start":{"line":11,"column":8},"end":{"line":11,"column":109}},"5":{"start":{"line":13,"column":4},"end":{"line":13,"column":90}}},"fnMap":{"0":{"name":"(anonymous_0)","decl":{"start":{"line":3,"column":17},"end":{"line":3,"column":18}},"loc":{"start":{"line":3,"column":47},"end":{"line":14,"column":1}},"line":3}},"branchMap":{"0":{"loc":{"start":{"line":10,"column":4},"end":{"line":11,"column":109}},"type":"if","locations":[{"start":{"line":10,"column":4},"end":{"line":11,"column":109}},{"start":{"line":10,"column":4},"end":{"line":11,"column":109}}],"line":10},"1":{"loc":{"start":{"line":10,"column":8},"end":{"line":10,"column":82}},"type":"binary-expr","locations":[{"start":{"line":10,"column":8},"end":{"line":10,"column":43}},{"start":{"line":10,"column":47},"end":{"line":10,"column":82}}],"line":10}},"s":{"0":3,"1":3,"2":0,"3":0,"4":0,"5":0},"f":{"0":0},"b":{"0":[0,0],"1":[0,0]},"_coverageSchema":"332fd63041d2c1bcb487cc26dd0d5f7d97098a6c","hash":"35a819de26fe586039ff05098dcab4806d9b62fc"}
,"/home/dave/apps/javascript/projects/genres-endpoint/middleware/validate.js": {"path":"/home/dave/apps/javascript/projects/genres-endpoint/middleware/validate.js","statementMap":{"0":{"start":{"line":2,"column":0},"end":{"line":8,"column":3}},"1":{"start":{"line":3,"column":4},"end":{"line":7,"column":5}},"2":{"start":{"line":4,"column":24},"end":{"line":4,"column":43}},"3":{"start":{"line":5,"column":6},"end":{"line":5,"column":71}},"4":{"start":{"line":5,"column":17},"end":{"line":5,"column":71}},"5":{"start":{"line":6,"column":6},"end":{"line":6,"column":13}}},"fnMap":{"0":{"name":"(anonymous_0)","decl":{"start":{"line":2,"column":17},"end":{"line":2,"column":18}},"loc":{"start":{"line":2,"column":32},"end":{"line":8,"column":3}},"line":2},"1":{"name":"(anonymous_1)","decl":{"start":{"line":3,"column":11},"end":{"line":3,"column":12}},"loc":{"start":{"line":3,"column":31},"end":{"line":7,"column":5}},"line":3}},"branchMap":{"0":{"loc":{"start":{"line":5,"column":6},"end":{"line":5,"column":71}},"type":"if","locations":[{"start":{"line":5,"column":6},"end":{"line":5,"column":71}},{"start":{"line":5,"column":6},"end":{"line":5,"column":71}}],"line":5}},"s":{"0":3,"1":3,"2":9,"3":9,"4":2,"5":7},"f":{"0":3,"1":9},"b":{"0":[2,7]},"_coverageSchema":"332fd63041d2c1bcb487cc26dd0d5f7d97098a6c","hash":"40b435e5089751790b6ce19bc5448670da63f723"}
,"/home/dave/apps/javascript/projects/genres-endpoint/middleware/validateObjectId.js": {"path":"/home/dave/apps/javascript/projects/genres-endpoint/middleware/validateObjectId.js","statementMap":{"0":{"start":{"line":1,"column":17},"end":{"line":1,"column":36}},"1":{"start":{"line":3,"column":0},"end":{"line":10,"column":2}},"2":{"start":{"line":5,"column":4},"end":{"line":6,"column":51}},"3":{"start":{"line":6,"column":8},"end":{"line":6,"column":51}},"4":{"start":{"line":8,"column":4},"end":{"line":8,"column":11}}},"fnMap":{"0":{"name":"(anonymous_0)","decl":{"start":{"line":3,"column":17},"end":{"line":3,"column":18}},"loc":{"start":{"line":3,"column":42},"end":{"line":10,"column":1}},"line":3}},"branchMap":{"0":{"loc":{"start":{"line":5,"column":4},"end":{"line":6,"column":51}},"type":"if","locations":[{"start":{"line":5,"column":4},"end":{"line":6,"column":51}},{"start":{"line":5,"column":4},"end":{"line":6,"column":51}}],"line":5}},"s":{"0":3,"1":3,"2":2,"3":1,"4":1},"f":{"0":2},"b":{"0":[1,1]},"_coverageSchema":"332fd63041d2c1bcb487cc26dd0d5f7d97098a6c","hash":"189b05bb7e90cdae9f9d225f6ddaef9f77d4cd3e"}
,"/home/dave/apps/javascript/projects/genres-endpoint/models/customers.js": {"path":"/home/dave/apps/javascript/projects/genres-endpoint/models/customers.js","statementMap":{"0":{"start":{"line":1,"column":17},"end":{"line":1,"column":36}},"1":{"start":{"line":2,"column":12},"end":{"line":2,"column":26}},"2":{"start":{"line":6,"column":17},"end":{"line":23,"column":3}},"3":{"start":{"line":27,"column":19},"end":{"line":31,"column":5}},"4":{"start":{"line":33,"column":4},"end":{"line":33,"column":42}},"5":{"start":{"line":37,"column":0},"end":{"line":37,"column":35}},"6":{"start":{"line":38,"column":0},"end":{"line":38,"column":53}}},"fnMap":{"0":{"name":"validateCustomers","decl":{"start":{"line":26,"column":9},"end":{"line":26,"column":26}},"loc":{"start":{"line":26,"column":37},"end":{"line":35,"column":1}},"line":26}},"branchMap":{},"s":{"0":3,"1":3,"2":3,"3":0,"4":0,"5":3,"6":3},"f":{"0":0},"b":{},"_coverageSchema":"332fd63041d2c1bcb487cc26dd0d5f7d97098a6c","hash":"adc8417b69319ecab028c55fcf5bda098834ee52"}
,"/home/dave/apps/javascript/projects/genres-endpoint/models/genres.js": {"path":"/home/dave/apps/javascript/projects/genres-endpoint/models/genres.js","statementMap":{"0":{"start":{"line":1,"column":12},"end":{"line":1,"column":26}},"1":{"start":{"line":2,"column":17},"end":{"line":2,"column":36}},"2":{"start":{"line":12,"column":20},"end":{"line":19,"column":2}},"3":{"start":{"line":21,"column":14},"end":{"line":21,"column":50}},"4":{"start":{"line":25,"column":19},"end":{"line":27,"column":5}},"5":{"start":{"line":29,"column":4},"end":{"line":29,"column":39}},"6":{"start":{"line":33,"column":0},"end":{"line":33,"column":41}},"7":{"start":{"line":34,"column":0},"end":{"line":34,"column":29}},"8":{"start":{"line":35,"column":0},"end":{"line":35,"column":45}}},"fnMap":{"0":{"name":"validateGenre","decl":{"start":{"line":24,"column":9},"end":{"line":24,"column":22}},"loc":{"start":{"line":24,"column":30},"end":{"line":31,"column":1}},"line":24}},"branchMap":{},"s":{"0":3,"1":3,"2":3,"3":3,"4":5,"5":5,"6":3,"7":3,"8":3},"f":{"0":5},"b":{},"_coverageSchema":"332fd63041d2c1bcb487cc26dd0d5f7d97098a6c","hash":"bb96fdd52ad244018d68e044c750644b11d1715d"}
,"/home/dave/apps/javascript/projects/genres-endpoint/models/movies.js": {"path":"/home/dave/apps/javascript/projects/genres-endpoint/models/movies.js","statementMap":{"0":{"start":{"line":1,"column":17},"end":{"line":1,"column":36}},"1":{"start":{"line":2,"column":24},"end":{"line":2,"column":43}},"2":{"start":{"line":3,"column":12},"end":{"line":3,"column":26}},"3":{"start":{"line":7,"column":14},"end":{"line":30,"column":3}},"4":{"start":{"line":34,"column":19},"end":{"line":39,"column":5}},"5":{"start":{"line":41,"column":4},"end":{"line":41,"column":39}},"6":{"start":{"line":45,"column":0},"end":{"line":45,"column":29}},"7":{"start":{"line":46,"column":0},"end":{"line":46,"column":45}}},"fnMap":{"0":{"name":"validateMovie","decl":{"start":{"line":33,"column":9},"end":{"line":33,"column":22}},"loc":{"start":{"line":33,"column":30},"end":{"line":43,"column":1}},"line":33}},"branchMap":{},"s":{"0":3,"1":3,"2":3,"3":3,"4":0,"5":0,"6":3,"7":3},"f":{"0":0},"b":{},"_coverageSchema":"332fd63041d2c1bcb487cc26dd0d5f7d97098a6c","hash":"5d3b2b8ec832c5e73be8689dae9ad0157fb29820"}
,"/home/dave/apps/javascript/projects/genres-endpoint/models/rentals.js": {"path":"/home/dave/apps/javascript/projects/genres-endpoint/models/rentals.js","statementMap":{"0":{"start":{"line":8,"column":12},"end":{"line":8,"column":26}},"1":{"start":{"line":9,"column":17},"end":{"line":9,"column":36}},"2":{"start":{"line":10,"column":15},"end":{"line":10,"column":32}},"3":{"start":{"line":13,"column":21},"end":{"line":65,"column":2}},"4":{"start":{"line":67,"column":0},"end":{"line":72,"column":1}},"5":{"start":{"line":68,"column":2},"end":{"line":71,"column":5}},"6":{"start":{"line":74,"column":0},"end":{"line":79,"column":1}},"7":{"start":{"line":75,"column":2},"end":{"line":75,"column":33}},"8":{"start":{"line":77,"column":21},"end":{"line":77,"column":56}},"9":{"start":{"line":78,"column":2},"end":{"line":78,"column":59}},"10":{"start":{"line":81,"column":15},"end":{"line":81,"column":53}},"11":{"start":{"line":84,"column":17},"end":{"line":87,"column":3}},"12":{"start":{"line":89,"column":2},"end":{"line":89,"column":38}},"13":{"start":{"line":92,"column":0},"end":{"line":92,"column":24}},"14":{"start":{"line":93,"column":0},"end":{"line":93,"column":40}}},"fnMap":{"0":{"name":"(anonymous_0)","decl":{"start":{"line":67,"column":30},"end":{"line":67,"column":31}},"loc":{"start":{"line":67,"column":60},"end":{"line":72,"column":1}},"line":67},"1":{"name":"(anonymous_1)","decl":{"start":{"line":74,"column":30},"end":{"line":74,"column":31}},"loc":{"start":{"line":74,"column":41},"end":{"line":79,"column":1}},"line":74},"2":{"name":"validateRental","decl":{"start":{"line":83,"column":9},"end":{"line":83,"column":23}},"loc":{"start":{"line":83,"column":32},"end":{"line":90,"column":1}},"line":83}},"branchMap":{},"s":{"0":3,"1":3,"2":3,"3":3,"4":3,"5":7,"6":3,"7":5,"8":5,"9":5,"10":3,"11":0,"12":0,"13":3,"14":3},"f":{"0":7,"1":5,"2":0},"b":{},"_coverageSchema":"332fd63041d2c1bcb487cc26dd0d5f7d97098a6c","hash":"c6c3aaf28ec37db99a820c216538c5c7906aa6a1"}
,"/home/dave/apps/javascript/projects/genres-endpoint/models/user.js": {"path":"/home/dave/apps/javascript/projects/genres-endpoint/models/user.js","statementMap":{"0":{"start":{"line":1,"column":12},"end":{"line":1,"column":35}},"1":{"start":{"line":2,"column":15},"end":{"line":2,"column":32}},"2":{"start":{"line":3,"column":12},"end":{"line":3,"column":26}},"3":{"start":{"line":4,"column":17},"end":{"line":4,"column":36}},"4":{"start":{"line":5,"column":27},"end":{"line":5,"column":61}},"5":{"start":{"line":9,"column":19},"end":{"line":32,"column":2}},"6":{"start":{"line":37,"column":0},"end":{"line":40,"column":2}},"7":{"start":{"line":38,"column":18},"end":{"line":38,"column":96}},"8":{"start":{"line":39,"column":4},"end":{"line":39,"column":17}},"9":{"start":{"line":42,"column":13},"end":{"line":42,"column":47}},"10":{"start":{"line":45,"column":26},"end":{"line":53,"column":3}},"11":{"start":{"line":54,"column":16},"end":{"line":54,"column":26}},"12":{"start":{"line":58,"column":19},"end":{"line":63,"column":5}},"13":{"start":{"line":65,"column":4},"end":{"line":65,"column":38}},"14":{"start":{"line":69,"column":0},"end":{"line":69,"column":27}},"15":{"start":{"line":70,"column":0},"end":{"line":70,"column":43}}},"fnMap":{"0":{"name":"(anonymous_0)","decl":{"start":{"line":37,"column":39},"end":{"line":37,"column":40}},"loc":{"start":{"line":37,"column":50},"end":{"line":40,"column":1}},"line":37},"1":{"name":"validateUser","decl":{"start":{"line":57,"column":9},"end":{"line":57,"column":21}},"loc":{"start":{"line":57,"column":28},"end":{"line":67,"column":1}},"line":57}},"branchMap":{},"s":{"0":5,"1":5,"2":5,"3":5,"4":5,"5":5,"6":5,"7":20,"8":20,"9":5,"10":5,"11":5,"12":0,"13":0,"14":5,"15":5},"f":{"0":20,"1":0},"b":{},"_coverageSchema":"332fd63041d2c1bcb487cc26dd0d5f7d97098a6c","hash":"461a282fa90cf89222f9883571586b086c545794"}
,"/home/dave/apps/javascript/projects/genres-endpoint/routes/auth.js": {"path":"/home/dave/apps/javascript/projects/genres-endpoint/routes/auth.js","statementMap":{"0":{"start":{"line":1,"column":15},"end":{"line":1,"column":32}},"1":{"start":{"line":2,"column":10},"end":{"line":2,"column":27}},"2":{"start":{"line":3,"column":12},"end":{"line":3,"column":26}},"3":{"start":{"line":4,"column":16},"end":{"line":4,"column":34}},"4":{"start":{"line":5,"column":17},"end":{"line":5,"column":36}},"5":{"start":{"line":6,"column":17},"end":{"line":6,"column":42}},"6":{"start":{"line":7,"column":15},"end":{"line":7,"column":31}},"7":{"start":{"line":8,"column":27},"end":{"line":8,"column":61}},"8":{"start":{"line":11,"column":0},"end":{"line":25,"column":3}},"9":{"start":{"line":12,"column":22},"end":{"line":12,"column":40}},"10":{"start":{"line":13,"column":4},"end":{"line":13,"column":69}},"11":{"start":{"line":13,"column":15},"end":{"line":13,"column":69}},"12":{"start":{"line":15,"column":15},"end":{"line":15,"column":61}},"13":{"start":{"line":16,"column":4},"end":{"line":16,"column":73}},"14":{"start":{"line":16,"column":15},"end":{"line":16,"column":73}},"15":{"start":{"line":18,"column":26},"end":{"line":18,"column":80}},"16":{"start":{"line":19,"column":4},"end":{"line":19,"column":81}},"17":{"start":{"line":19,"column":24},"end":{"line":19,"column":81}},"18":{"start":{"line":21,"column":18},"end":{"line":21,"column":42}},"19":{"start":{"line":23,"column":4},"end":{"line":23,"column":20}},"20":{"start":{"line":29,"column":19},"end":{"line":33,"column":5}},"21":{"start":{"line":35,"column":4},"end":{"line":35,"column":37}},"22":{"start":{"line":39,"column":0},"end":{"line":39,"column":24}}},"fnMap":{"0":{"name":"(anonymous_0)","decl":{"start":{"line":11,"column":17},"end":{"line":11,"column":18}},"loc":{"start":{"line":11,"column":37},"end":{"line":25,"column":1}},"line":11},"1":{"name":"validate","decl":{"start":{"line":28,"column":9},"end":{"line":28,"column":17}},"loc":{"start":{"line":28,"column":23},"end":{"line":36,"column":1}},"line":28}},"branchMap":{"0":{"loc":{"start":{"line":13,"column":4},"end":{"line":13,"column":69}},"type":"if","locations":[{"start":{"line":13,"column":4},"end":{"line":13,"column":69}},{"start":{"line":13,"column":4},"end":{"line":13,"column":69}}],"line":13},"1":{"loc":{"start":{"line":16,"column":4},"end":{"line":16,"column":73}},"type":"if","locations":[{"start":{"line":16,"column":4},"end":{"line":16,"column":73}},{"start":{"line":16,"column":4},"end":{"line":16,"column":73}}],"line":16},"2":{"loc":{"start":{"line":19,"column":4},"end":{"line":19,"column":81}},"type":"if","locations":[{"start":{"line":19,"column":4},"end":{"line":19,"column":81}},{"start":{"line":19,"column":4},"end":{"line":19,"column":81}}],"line":19}},"s":{"0":3,"1":3,"2":3,"3":3,"4":3,"5":3,"6":3,"7":3,"8":3,"9":0,"10":0,"11":0,"12":0,"13":0,"14":0,"15":0,"16":0,"17":0,"18":0,"19":0,"20":0,"21":0,"22":3},"f":{"0":0,"1":0},"b":{"0":[0,0],"1":[0,0],"2":[0,0]},"_coverageSchema":"332fd63041d2c1bcb487cc26dd0d5f7d97098a6c","hash":"63248aa61f8bb02d04fd495586931384299e6264"}
,"/home/dave/apps/javascript/projects/genres-endpoint/routes/customers.js": {"path":"/home/dave/apps/javascript/projects/genres-endpoint/routes/customers.js","statementMap":{"0":{"start":{"line":1,"column":16},"end":{"line":1,"column":34}},"1":{"start":{"line":2,"column":41},"end":{"line":2,"column":71}},"2":{"start":{"line":3,"column":15},"end":{"line":3,"column":31}},"3":{"start":{"line":5,"column":0},"end":{"line":8,"column":3}},"4":{"start":{"line":6,"column":22},"end":{"line":6,"column":56}},"5":{"start":{"line":7,"column":4},"end":{"line":7,"column":24}},"6":{"start":{"line":12,"column":0},"end":{"line":18,"column":3}},"7":{"start":{"line":14,"column":21},"end":{"line":14,"column":59}},"8":{"start":{"line":16,"column":4},"end":{"line":16,"column":96}},"9":{"start":{"line":16,"column":19},"end":{"line":16,"column":96}},"10":{"start":{"line":17,"column":4},"end":{"line":17,"column":23}},"11":{"start":{"line":22,"column":0},"end":{"line":34,"column":3}},"12":{"start":{"line":23,"column":22},"end":{"line":23,"column":49}},"13":{"start":{"line":24,"column":4},"end":{"line":24,"column":69}},"14":{"start":{"line":24,"column":15},"end":{"line":24,"column":69}},"15":{"start":{"line":26,"column":19},"end":{"line":30,"column":6}},"16":{"start":{"line":32,"column":4},"end":{"line":32,"column":37}},"17":{"start":{"line":33,"column":4},"end":{"line":33,"column":23}},"18":{"start":{"line":38,"column":0},"end":{"line":57,"column":3}},"19":{"start":{"line":41,"column":22},"end":{"line":41,"column":49}},"20":{"start":{"line":42,"column":4},"end":{"line":42,"column":69}},"21":{"start":{"line":42,"column":15},"end":{"line":42,"column":69}},"22":{"start":{"line":44,"column":21},"end":{"line":51,"column":6}},"23":{"start":{"line":54,"column":4},"end":{"line":54,"column":96}},"24":{"start":{"line":54,"column":19},"end":{"line":54,"column":96}},"25":{"start":{"line":56,"column":4},"end":{"line":56,"column":23}},"26":{"start":{"line":61,"column":0},"end":{"line":69,"column":3}},"27":{"start":{"line":64,"column":21},"end":{"line":64,"column":68}},"28":{"start":{"line":65,"column":4},"end":{"line":65,"column":96}},"29":{"start":{"line":65,"column":19},"end":{"line":65,"column":96}},"30":{"start":{"line":68,"column":4},"end":{"line":68,"column":23}},"31":{"start":{"line":72,"column":0},"end":{"line":72,"column":24}}},"fnMap":{"0":{"name":"(anonymous_0)","decl":{"start":{"line":5,"column":16},"end":{"line":5,"column":17}},"loc":{"start":{"line":5,"column":36},"end":{"line":8,"column":1}},"line":5},"1":{"name":"(anonymous_1)","decl":{"start":{"line":12,"column":19},"end":{"line":12,"column":20}},"loc":{"start":{"line":12,"column":38},"end":{"line":18,"column":1}},"line":12},"2":{"name":"(anonymous_2)","decl":{"start":{"line":22,"column":17},"end":{"line":22,"column":18}},"loc":{"start":{"line":22,"column":37},"end":{"line":34,"column":1}},"line":22},"3":{"name":"(anonymous_3)","decl":{"start":{"line":38,"column":19},"end":{"line":38,"column":20}},"loc":{"start":{"line":38,"column":39},"end":{"line":57,"column":1}},"line":38},"4":{"name":"(anonymous_4)","decl":{"start":{"line":61,"column":22},"end":{"line":61,"column":23}},"loc":{"start":{"line":61,"column":42},"end":{"line":69,"column":1}},"line":61}},"branchMap":{"0":{"loc":{"start":{"line":16,"column":4},"end":{"line":16,"column":96}},"type":"if","locations":[{"start":{"line":16,"column":4},"end":{"line":16,"column":96}},{"start":{"line":16,"column":4},"end":{"line":16,"column":96}}],"line":16},"1":{"loc":{"start":{"line":24,"column":4},"end":{"line":24,"column":69}},"type":"if","locations":[{"start":{"line":24,"column":4},"end":{"line":24,"column":69}},{"start":{"line":24,"column":4},"end":{"line":24,"column":69}}],"line":24},"2":{"loc":{"start":{"line":42,"column":4},"end":{"line":42,"column":69}},"type":"if","locations":[{"start":{"line":42,"column":4},"end":{"line":42,"column":69}},{"start":{"line":42,"column":4},"end":{"line":42,"column":69}}],"line":42},"3":{"loc":{"start":{"line":54,"column":4},"end":{"line":54,"column":96}},"type":"if","locations":[{"start":{"line":54,"column":4},"end":{"line":54,"column":96}},{"start":{"line":54,"column":4},"end":{"line":54,"column":96}}],"line":54},"4":{"loc":{"start":{"line":65,"column":4},"end":{"line":65,"column":96}},"type":"if","locations":[{"start":{"line":65,"column":4},"end":{"line":65,"column":96}},{"start":{"line":65,"column":4},"end":{"line":65,"column":96}}],"line":65}},"s":{"0":3,"1":3,"2":3,"3":3,"4":0,"5":0,"6":3,"7":0,"8":0,"9":0,"10":0,"11":3,"12":0,"13":0,"14":0,"15":0,"16":0,"17":0,"18":3,"19":0,"20":0,"21":0,"22":0,"23":0,"24":0,"25":0,"26":3,"27":0,"28":0,"29":0,"30":0,"31":3},"f":{"0":0,"1":0,"2":0,"3":0,"4":0},"b":{"0":[0,0],"1":[0,0],"2":[0,0],"3":[0,0],"4":[0,0]},"_coverageSchema":"332fd63041d2c1bcb487cc26dd0d5f7d97098a6c","hash":"8bf24df58bdea65c1c93c40778ec58e24a1bd4b3"}
,"/home/dave/apps/javascript/projects/genres-endpoint/routes/genres.js": {"path":"/home/dave/apps/javascript/projects/genres-endpoint/routes/genres.js","statementMap":{"0":{"start":{"line":1,"column":25},"end":{"line":1,"column":66}},"1":{"start":{"line":2,"column":24},"end":{"line":2,"column":54}},"2":{"start":{"line":3,"column":13},"end":{"line":3,"column":42}},"3":{"start":{"line":4,"column":14},"end":{"line":4,"column":44}},"4":{"start":{"line":5,"column":16},"end":{"line":5,"column":34}},"5":{"start":{"line":6,"column":17},"end":{"line":6,"column":36}},"6":{"start":{"line":7,"column":33},"end":{"line":7,"column":60}},"7":{"start":{"line":8,"column":15},"end":{"line":8,"column":31}},"8":{"start":{"line":12,"column":0},"end":{"line":17,"column":4}},"9":{"start":{"line":14,"column":19},"end":{"line":14,"column":50}},"10":{"start":{"line":15,"column":4},"end":{"line":15,"column":21}},"11":{"start":{"line":21,"column":0},"end":{"line":28,"column":4}},"12":{"start":{"line":23,"column":18},"end":{"line":23,"column":53}},"13":{"start":{"line":25,"column":4},"end":{"line":25,"column":102}},"14":{"start":{"line":25,"column":16},"end":{"line":25,"column":102}},"15":{"start":{"line":27,"column":4},"end":{"line":27,"column":20}},"16":{"start":{"line":32,"column":0},"end":{"line":40,"column":4}},"17":{"start":{"line":34,"column":22},"end":{"line":34,"column":45}},"18":{"start":{"line":35,"column":4},"end":{"line":35,"column":69}},"19":{"start":{"line":35,"column":15},"end":{"line":35,"column":69}},"20":{"start":{"line":37,"column":16},"end":{"line":37,"column":50}},"21":{"start":{"line":38,"column":4},"end":{"line":38,"column":31}},"22":{"start":{"line":39,"column":4},"end":{"line":39,"column":20}},"23":{"start":{"line":44,"column":0},"end":{"line":58,"column":3}},"24":{"start":{"line":47,"column":22},"end":{"line":47,"column":45}},"25":{"start":{"line":48,"column":4},"end":{"line":48,"column":69}},"26":{"start":{"line":48,"column":15},"end":{"line":48,"column":69}},"27":{"start":{"line":50,"column":18},"end":{"line":52,"column":6}},"28":{"start":{"line":55,"column":4},"end":{"line":55,"column":102}},"29":{"start":{"line":55,"column":16},"end":{"line":55,"column":102}},"30":{"start":{"line":57,"column":4},"end":{"line":57,"column":20}},"31":{"start":{"line":62,"column":0},"end":{"line":70,"column":3}},"32":{"start":{"line":65,"column":18},"end":{"line":65,"column":62}},"33":{"start":{"line":66,"column":4},"end":{"line":66,"column":90}},"34":{"start":{"line":66,"column":16},"end":{"line":66,"column":90}},"35":{"start":{"line":69,"column":4},"end":{"line":69,"column":20}},"36":{"start":{"line":72,"column":0},"end":{"line":72,"column":24}}},"fnMap":{"0":{"name":"(anonymous_0)","decl":{"start":{"line":12,"column":32},"end":{"line":12,"column":33}},"loc":{"start":{"line":12,"column":52},"end":{"line":17,"column":1}},"line":12},"1":{"name":"(anonymous_1)","decl":{"start":{"line":21,"column":53},"end":{"line":21,"column":54}},"loc":{"start":{"line":21,"column":73},"end":{"line":28,"column":1}},"line":21},"2":{"name":"(anonymous_2)","decl":{"start":{"line":32,"column":39},"end":{"line":32,"column":40}},"loc":{"start":{"line":32,"column":59},"end":{"line":40,"column":1}},"line":32},"3":{"name":"(anonymous_3)","decl":{"start":{"line":44,"column":19},"end":{"line":44,"column":20}},"loc":{"start":{"line":44,"column":39},"end":{"line":58,"column":1}},"line":44},"4":{"name":"(anonymous_4)","decl":{"start":{"line":62,"column":37},"end":{"line":62,"column":38}},"loc":{"start":{"line":62,"column":57},"end":{"line":70,"column":1}},"line":62}},"branchMap":{"0":{"loc":{"start":{"line":25,"column":4},"end":{"line":25,"column":102}},"type":"if","locations":[{"start":{"line":25,"column":4},"end":{"line":25,"column":102}},{"start":{"line":25,"column":4},"end":{"line":25,"column":102}}],"line":25},"1":{"loc":{"start":{"line":35,"column":4},"end":{"line":35,"column":69}},"type":"if","locations":[{"start":{"line":35,"column":4},"end":{"line":35,"column":69}},{"start":{"line":35,"column":4},"end":{"line":35,"column":69}}],"line":35},"2":{"loc":{"start":{"line":48,"column":4},"end":{"line":48,"column":69}},"type":"if","locations":[{"start":{"line":48,"column":4},"end":{"line":48,"column":69}},{"start":{"line":48,"column":4},"end":{"line":48,"column":69}}],"line":48},"3":{"loc":{"start":{"line":55,"column":4},"end":{"line":55,"column":102}},"type":"if","locations":[{"start":{"line":55,"column":4},"end":{"line":55,"column":102}},{"start":{"line":55,"column":4},"end":{"line":55,"column":102}}],"line":55},"4":{"loc":{"start":{"line":66,"column":4},"end":{"line":66,"column":90}},"type":"if","locations":[{"start":{"line":66,"column":4},"end":{"line":66,"column":90}},{"start":{"line":66,"column":4},"end":{"line":66,"column":90}}],"line":66}},"s":{"0":3,"1":3,"2":3,"3":3,"4":3,"5":3,"6":3,"7":3,"8":3,"9":1,"10":1,"11":3,"12":1,"13":1,"14":0,"15":1,"16":3,"17":5,"18":5,"19":2,"20":3,"21":3,"22":3,"23":3,"24":0,"25":0,"26":0,"27":0,"28":0,"29":0,"30":0,"31":3,"32":0,"33":0,"34":0,"35":0,"36":3},"f":{"0":1,"1":1,"2":5,"3":0,"4":0},"b":{"0":[0,1],"1":[2,3],"2":[0,0],"3":[0,0],"4":[0,0]},"_coverageSchema":"332fd63041d2c1bcb487cc26dd0d5f7d97098a6c","hash":"43c6eb320c2e69b098d5f15bbd3d9e729cae1750"}
,"/home/dave/apps/javascript/projects/genres-endpoint/routes/movies.js": {"path":"/home/dave/apps/javascript/projects/genres-endpoint/routes/movies.js","statementMap":{"0":{"start":{"line":1,"column":13},"end":{"line":1,"column":42}},"1":{"start":{"line":2,"column":16},"end":{"line":2,"column":34}},"2":{"start":{"line":3,"column":33},"end":{"line":3,"column":60}},"3":{"start":{"line":4,"column":18},"end":{"line":4,"column":45}},"4":{"start":{"line":5,"column":15},"end":{"line":5,"column":31}},"5":{"start":{"line":7,"column":0},"end":{"line":10,"column":3}},"6":{"start":{"line":8,"column":19},"end":{"line":8,"column":50}},"7":{"start":{"line":9,"column":4},"end":{"line":9,"column":21}},"8":{"start":{"line":14,"column":0},"end":{"line":20,"column":3}},"9":{"start":{"line":16,"column":18},"end":{"line":16,"column":53}},"10":{"start":{"line":18,"column":4},"end":{"line":18,"column":90}},"11":{"start":{"line":18,"column":16},"end":{"line":18,"column":90}},"12":{"start":{"line":19,"column":4},"end":{"line":19,"column":20}},"13":{"start":{"line":24,"column":0},"end":{"line":43,"column":3}},"14":{"start":{"line":25,"column":22},"end":{"line":25,"column":45}},"15":{"start":{"line":26,"column":4},"end":{"line":26,"column":69}},"16":{"start":{"line":26,"column":15},"end":{"line":26,"column":69}},"17":{"start":{"line":28,"column":18},"end":{"line":28,"column":56}},"18":{"start":{"line":29,"column":4},"end":{"line":29,"column":62}},"19":{"start":{"line":29,"column":16},"end":{"line":29,"column":62}},"20":{"start":{"line":31,"column":18},"end":{"line":39,"column":6}},"21":{"start":{"line":41,"column":4},"end":{"line":41,"column":23}},"22":{"start":{"line":42,"column":4},"end":{"line":42,"column":20}},"23":{"start":{"line":47,"column":0},"end":{"line":69,"column":3}},"24":{"start":{"line":50,"column":22},"end":{"line":50,"column":45}},"25":{"start":{"line":51,"column":4},"end":{"line":51,"column":69}},"26":{"start":{"line":51,"column":15},"end":{"line":51,"column":69}},"27":{"start":{"line":53,"column":18},"end":{"line":62,"column":25}},"28":{"start":{"line":66,"column":4},"end":{"line":66,"column":90}},"29":{"start":{"line":66,"column":16},"end":{"line":66,"column":90}},"30":{"start":{"line":68,"column":4},"end":{"line":68,"column":20}},"31":{"start":{"line":73,"column":0},"end":{"line":81,"column":3}},"32":{"start":{"line":76,"column":18},"end":{"line":76,"column":62}},"33":{"start":{"line":77,"column":4},"end":{"line":77,"column":90}},"34":{"start":{"line":77,"column":16},"end":{"line":77,"column":90}},"35":{"start":{"line":80,"column":4},"end":{"line":80,"column":20}},"36":{"start":{"line":84,"column":0},"end":{"line":84,"column":24}}},"fnMap":{"0":{"name":"(anonymous_0)","decl":{"start":{"line":7,"column":16},"end":{"line":7,"column":17}},"loc":{"start":{"line":7,"column":36},"end":{"line":10,"column":1}},"line":7},"1":{"name":"(anonymous_1)","decl":{"start":{"line":14,"column":19},"end":{"line":14,"column":20}},"loc":{"start":{"line":14,"column":38},"end":{"line":20,"column":1}},"line":14},"2":{"name":"(anonymous_2)","decl":{"start":{"line":24,"column":23},"end":{"line":24,"column":24}},"loc":{"start":{"line":24,"column":43},"end":{"line":43,"column":1}},"line":24},"3":{"name":"(anonymous_3)","decl":{"start":{"line":47,"column":25},"end":{"line":47,"column":26}},"loc":{"start":{"line":47,"column":45},"end":{"line":69,"column":1}},"line":47},"4":{"name":"(anonymous_4)","decl":{"start":{"line":73,"column":28},"end":{"line":73,"column":29}},"loc":{"start":{"line":73,"column":48},"end":{"line":81,"column":1}},"line":73}},"branchMap":{"0":{"loc":{"start":{"line":18,"column":4},"end":{"line":18,"column":90}},"type":"if","locations":[{"start":{"line":18,"column":4},"end":{"line":18,"column":90}},{"start":{"line":18,"column":4},"end":{"line":18,"column":90}}],"line":18},"1":{"loc":{"start":{"line":26,"column":4},"end":{"line":26,"column":69}},"type":"if","locations":[{"start":{"line":26,"column":4},"end":{"line":26,"column":69}},{"start":{"line":26,"column":4},"end":{"line":26,"column":69}}],"line":26},"2":{"loc":{"start":{"line":29,"column":4},"end":{"line":29,"column":62}},"type":"if","locations":[{"start":{"line":29,"column":4},"end":{"line":29,"column":62}},{"start":{"line":29,"column":4},"end":{"line":29,"column":62}}],"line":29},"3":{"loc":{"start":{"line":51,"column":4},"end":{"line":51,"column":69}},"type":"if","locations":[{"start":{"line":51,"column":4},"end":{"line":51,"column":69}},{"start":{"line":51,"column":4},"end":{"line":51,"column":69}}],"line":51},"4":{"loc":{"start":{"line":66,"column":4},"end":{"line":66,"column":90}},"type":"if","locations":[{"start":{"line":66,"column":4},"end":{"line":66,"column":90}},{"start":{"line":66,"column":4},"end":{"line":66,"column":90}}],"line":66},"5":{"loc":{"start":{"line":77,"column":4},"end":{"line":77,"column":90}},"type":"if","locations":[{"start":{"line":77,"column":4},"end":{"line":77,"column":90}},{"start":{"line":77,"column":4},"end":{"line":77,"column":90}}],"line":77}},"s":{"0":3,"1":3,"2":3,"3":3,"4":3,"5":3,"6":0,"7":0,"8":3,"9":0,"10":0,"11":0,"12":0,"13":3,"14":0,"15":0,"16":0,"17":0,"18":0,"19":0,"20":0,"21":0,"22":0,"23":3,"24":0,"25":0,"26":0,"27":0,"28":0,"29":0,"30":0,"31":3,"32":0,"33":0,"34":0,"35":0,"36":3},"f":{"0":0,"1":0,"2":0,"3":0,"4":0},"b":{"0":[0,0],"1":[0,0],"2":[0,0],"3":[0,0],"4":[0,0],"5":[0,0]},"_coverageSchema":"332fd63041d2c1bcb487cc26dd0d5f7d97098a6c","hash":"59f9489896bcb54a8d6a1ded8e3628cccaf4aee1"}
,"/home/dave/apps/javascript/projects/genres-endpoint/routes/rentals.js": {"path":"/home/dave/apps/javascript/projects/genres-endpoint/routes/rentals.js","statementMap":{"0":{"start":{"line":9,"column":33},"end":{"line":9,"column":61}},"1":{"start":{"line":10,"column":16},"end":{"line":10,"column":43}},"2":{"start":{"line":11,"column":19},"end":{"line":11,"column":49}},"3":{"start":{"line":12,"column":17},"end":{"line":12,"column":36}},"4":{"start":{"line":13,"column":13},"end":{"line":13,"column":28}},"5":{"start":{"line":14,"column":16},"end":{"line":14,"column":34}},"6":{"start":{"line":15,"column":13},"end":{"line":15,"column":42}},"7":{"start":{"line":16,"column":15},"end":{"line":16,"column":31}},"8":{"start":{"line":19,"column":0},"end":{"line":19,"column":40}},"9":{"start":{"line":21,"column":0},"end":{"line":24,"column":3}},"10":{"start":{"line":22,"column":18},"end":{"line":22,"column":54}},"11":{"start":{"line":23,"column":2},"end":{"line":23,"column":20}},"12":{"start":{"line":26,"column":0},"end":{"line":72,"column":3}},"13":{"start":{"line":27,"column":20},"end":{"line":27,"column":44}},"14":{"start":{"line":28,"column":2},"end":{"line":28,"column":67}},"15":{"start":{"line":28,"column":13},"end":{"line":28,"column":67}},"16":{"start":{"line":30,"column":19},"end":{"line":30,"column":63}},"17":{"start":{"line":31,"column":2},"end":{"line":31,"column":66}},"18":{"start":{"line":31,"column":17},"end":{"line":31,"column":66}},"19":{"start":{"line":33,"column":16},"end":{"line":33,"column":54}},"20":{"start":{"line":34,"column":2},"end":{"line":34,"column":60}},"21":{"start":{"line":34,"column":14},"end":{"line":34,"column":60}},"22":{"start":{"line":36,"column":2},"end":{"line":36,"column":84}},"23":{"start":{"line":36,"column":33},"end":{"line":36,"column":84}},"24":{"start":{"line":38,"column":15},"end":{"line":49,"column":4}},"25":{"start":{"line":66,"column":0},"end":{"line":66,"column":29}},"26":{"start":{"line":68,"column":2},"end":{"line":68,"column":24}},"27":{"start":{"line":69,"column":2},"end":{"line":69,"column":15}},"28":{"start":{"line":71,"column":2},"end":{"line":71,"column":19}},"29":{"start":{"line":74,"column":0},"end":{"line":80,"column":3}},"30":{"start":{"line":75,"column":17},"end":{"line":75,"column":53}},"31":{"start":{"line":77,"column":2},"end":{"line":77,"column":90}},"32":{"start":{"line":77,"column":15},"end":{"line":77,"column":90}},"33":{"start":{"line":79,"column":2},"end":{"line":79,"column":19}},"34":{"start":{"line":82,"column":0},"end":{"line":82,"column":24}}},"fnMap":{"0":{"name":"(anonymous_0)","decl":{"start":{"line":21,"column":16},"end":{"line":21,"column":17}},"loc":{"start":{"line":21,"column":36},"end":{"line":24,"column":1}},"line":21},"1":{"name":"(anonymous_1)","decl":{"start":{"line":26,"column":23},"end":{"line":26,"column":24}},"loc":{"start":{"line":26,"column":43},"end":{"line":72,"column":1}},"line":26},"2":{"name":"(anonymous_2)","decl":{"start":{"line":74,"column":19},"end":{"line":74,"column":20}},"loc":{"start":{"line":74,"column":39},"end":{"line":80,"column":1}},"line":74}},"branchMap":{"0":{"loc":{"start":{"line":28,"column":2},"end":{"line":28,"column":67}},"type":"if","locations":[{"start":{"line":28,"column":2},"end":{"line":28,"column":67}},{"start":{"line":28,"column":2},"end":{"line":28,"column":67}}],"line":28},"1":{"loc":{"start":{"line":31,"column":2},"end":{"line":31,"column":66}},"type":"if","locations":[{"start":{"line":31,"column":2},"end":{"line":31,"column":66}},{"start":{"line":31,"column":2},"end":{"line":31,"column":66}}],"line":31},"2":{"loc":{"start":{"line":34,"column":2},"end":{"line":34,"column":60}},"type":"if","locations":[{"start":{"line":34,"column":2},"end":{"line":34,"column":60}},{"start":{"line":34,"column":2},"end":{"line":34,"column":60}}],"line":34},"3":{"loc":{"start":{"line":36,"column":2},"end":{"line":36,"column":84}},"type":"if","locations":[{"start":{"line":36,"column":2},"end":{"line":36,"column":84}},{"start":{"line":36,"column":2},"end":{"line":36,"column":84}}],"line":36},"4":{"loc":{"start":{"line":77,"column":2},"end":{"line":77,"column":90}},"type":"if","locations":[{"start":{"line":77,"column":2},"end":{"line":77,"column":90}},{"start":{"line":77,"column":2},"end":{"line":77,"column":90}}],"line":77}},"s":{"0":3,"1":3,"2":3,"3":3,"4":3,"5":3,"6":3,"7":3,"8":3,"9":3,"10":0,"11":0,"12":3,"13":0,"14":0,"15":0,"16":0,"17":0,"18":0,"19":0,"20":0,"21":0,"22":0,"23":0,"24":0,"25":0,"26":0,"27":0,"28":0,"29":3,"30":0,"31":0,"32":0,"33":0,"34":3},"f":{"0":0,"1":0,"2":0},"b":{"0":[0,0],"1":[0,0],"2":[0,0],"3":[0,0],"4":[0,0]},"_coverageSchema":"332fd63041d2c1bcb487cc26dd0d5f7d97098a6c","hash":"18d67d5afd26490d1d777c6abf7d4f46a2dc6098"}
,"/home/dave/apps/javascript/projects/genres-endpoint/routes/returns.js": {"path":"/home/dave/apps/javascript/projects/genres-endpoint/routes/returns.js","statementMap":{"0":{"start":{"line":1,"column":12},"end":{"line":1,"column":26}},"1":{"start":{"line":2,"column":17},"end":{"line":2,"column":50}},"2":{"start":{"line":3,"column":17},"end":{"line":3,"column":45}},"3":{"start":{"line":4,"column":16},"end":{"line":4,"column":43}},"4":{"start":{"line":5,"column":13},"end":{"line":5,"column":42}},"5":{"start":{"line":6,"column":16},"end":{"line":6,"column":34}},"6":{"start":{"line":7,"column":15},"end":{"line":7,"column":31}},"7":{"start":{"line":9,"column":0},"end":{"line":27,"column":3}},"8":{"start":{"line":10,"column":20},"end":{"line":10,"column":44}},"9":{"start":{"line":11,"column":2},"end":{"line":11,"column":67}},"10":{"start":{"line":11,"column":13},"end":{"line":11,"column":67}},"11":{"start":{"line":13,"column":17},"end":{"line":13,"column":75}},"12":{"start":{"line":15,"column":2},"end":{"line":15,"column":64}},"13":{"start":{"line":15,"column":15},"end":{"line":15,"column":64}},"14":{"start":{"line":17,"column":2},"end":{"line":17,"column":84}},"15":{"start":{"line":17,"column":27},"end":{"line":17,"column":84}},"16":{"start":{"line":19,"column":2},"end":{"line":19,"column":18}},"17":{"start":{"line":20,"column":2},"end":{"line":20,"column":22}},"18":{"start":{"line":22,"column":2},"end":{"line":24,"column":5}},"19":{"start":{"line":26,"column":4},"end":{"line":26,"column":40}},"20":{"start":{"line":30,"column":17},"end":{"line":33,"column":3}},"21":{"start":{"line":35,"column":2},"end":{"line":35,"column":35}},"22":{"start":{"line":38,"column":0},"end":{"line":38,"column":24}}},"fnMap":{"0":{"name":"(anonymous_0)","decl":{"start":{"line":9,"column":51},"end":{"line":9,"column":52}},"loc":{"start":{"line":9,"column":71},"end":{"line":27,"column":1}},"line":9},"1":{"name":"validateReturn","decl":{"start":{"line":29,"column":9},"end":{"line":29,"column":23}},"loc":{"start":{"line":29,"column":29},"end":{"line":36,"column":1}},"line":29}},"branchMap":{"0":{"loc":{"start":{"line":11,"column":2},"end":{"line":11,"column":67}},"type":"if","locations":[{"start":{"line":11,"column":2},"end":{"line":11,"column":67}},{"start":{"line":11,"column":2},"end":{"line":11,"column":67}}],"line":11},"1":{"loc":{"start":{"line":15,"column":2},"end":{"line":15,"column":64}},"type":"if","locations":[{"start":{"line":15,"column":2},"end":{"line":15,"column":64}},{"start":{"line":15,"column":2},"end":{"line":15,"column":64}}],"line":15},"2":{"loc":{"start":{"line":17,"column":2},"end":{"line":17,"column":84}},"type":"if","locations":[{"start":{"line":17,"column":2},"end":{"line":17,"column":84}},{"start":{"line":17,"column":2},"end":{"line":17,"column":84}}],"line":17}},"s":{"0":3,"1":3,"2":3,"3":3,"4":3,"5":3,"6":3,"7":3,"8":7,"9":7,"10":0,"11":7,"12":7,"13":1,"14":6,"15":1,"16":5,"17":5,"18":5,"19":5,"20":16,"21":16,"22":3},"f":{"0":7,"1":16},"b":{"0":[0,7],"1":[1,6],"2":[1,5]},"_coverageSchema":"332fd63041d2c1bcb487cc26dd0d5f7d97098a6c","hash":"15364ca7f6ef8eb08d46df472ca7d370327929c3"}
,"/home/dave/apps/javascript/projects/genres-endpoint/routes/users.js": {"path":"/home/dave/apps/javascript/projects/genres-endpoint/routes/users.js","statementMap":{"0":{"start":{"line":1,"column":13},"end":{"line":1,"column":42}},"1":{"start":{"line":2,"column":12},"end":{"line":2,"column":35}},"2":{"start":{"line":3,"column":15},"end":{"line":3,"column":32}},"3":{"start":{"line":4,"column":15},"end":{"line":4,"column":32}},"4":{"start":{"line":5,"column":10},"end":{"line":5,"column":27}},"5":{"start":{"line":6,"column":16},"end":{"line":6,"column":34}},"6":{"start":{"line":7,"column":17},"end":{"line":7,"column":36}},"7":{"start":{"line":8,"column":31},"end":{"line":8,"column":56}},"8":{"start":{"line":9,"column":15},"end":{"line":9,"column":31}},"9":{"start":{"line":10,"column":27},"end":{"line":10,"column":61}},"10":{"start":{"line":12,"column":0},"end":{"line":15,"column":3}},"11":{"start":{"line":13,"column":17},"end":{"line":13,"column":70}},"12":{"start":{"line":14,"column":4},"end":{"line":14,"column":19}},"13":{"start":{"line":17,"column":0},"end":{"line":33,"column":3}},"14":{"start":{"line":18,"column":22},"end":{"line":18,"column":44}},"15":{"start":{"line":19,"column":4},"end":{"line":19,"column":69}},"16":{"start":{"line":19,"column":15},"end":{"line":19,"column":69}},"17":{"start":{"line":21,"column":15},"end":{"line":21,"column":61}},"18":{"start":{"line":22,"column":4},"end":{"line":22,"column":70}},"19":{"start":{"line":22,"column":14},"end":{"line":22,"column":70}},"20":{"start":{"line":24,"column":4},"end":{"line":24,"column":69}},"21":{"start":{"line":25,"column":18},"end":{"line":25,"column":42}},"22":{"start":{"line":26,"column":4},"end":{"line":26,"column":59}},"23":{"start":{"line":28,"column":4},"end":{"line":28,"column":22}},"24":{"start":{"line":30,"column":18},"end":{"line":30,"column":42}},"25":{"start":{"line":31,"column":4},"end":{"line":31,"column":85}},"26":{"start":{"line":36,"column":0},"end":{"line":36,"column":24}}},"fnMap":{"0":{"name":"(anonymous_0)","decl":{"start":{"line":12,"column":24},"end":{"line":12,"column":25}},"loc":{"start":{"line":12,"column":44},"end":{"line":15,"column":1}},"line":12},"1":{"name":"(anonymous_1)","decl":{"start":{"line":17,"column":17},"end":{"line":17,"column":18}},"loc":{"start":{"line":17,"column":37},"end":{"line":33,"column":1}},"line":17}},"branchMap":{"0":{"loc":{"start":{"line":19,"column":4},"end":{"line":19,"column":69}},"type":"if","locations":[{"start":{"line":19,"column":4},"end":{"line":19,"column":69}},{"start":{"line":19,"column":4},"end":{"line":19,"column":69}}],"line":19},"1":{"loc":{"start":{"line":22,"column":4},"end":{"line":22,"column":70}},"type":"if","locations":[{"start":{"line":22,"column":4},"end":{"line":22,"column":70}},{"start":{"line":22,"column":4},"end":{"line":22,"column":70}}],"line":22}},"s":{"0":3,"1":3,"2":3,"3":3,"4":3,"5":3,"6":3,"7":3,"8":3,"9":3,"10":3,"11":0,"12":0,"13":3,"14":0,"15":0,"16":0,"17":0,"18":0,"19":0,"20":0,"21":0,"22":0,"23":0,"24":0,"25":0,"26":3},"f":{"0":0,"1":0},"b":{"0":[0,0],"1":[0,0]},"_coverageSchema":"332fd63041d2c1bcb487cc26dd0d5f7d97098a6c","hash":"0eb56079c8f3fd7d4815d3c02e30d077723df039"}
,"/home/dave/apps/javascript/projects/genres-endpoint/startup/config.js": {"path":"/home/dave/apps/javascript/projects/genres-endpoint/startup/config.js","statementMap":{"0":{"start":{"line":1,"column":15},"end":{"line":1,"column":32}},"1":{"start":{"line":3,"column":0},"end":{"line":3,"column":40}},"2":{"start":{"line":5,"column":0},"end":{"line":16,"column":2}},"3":{"start":{"line":8,"column":0},"end":{"line":11,"column":5}},"4":{"start":{"line":9,"column":4},"end":{"line":9,"column":64}},"5":{"start":{"line":10,"column":4},"end":{"line":10,"column":20}},"6":{"start":{"line":12,"column":0},"end":{"line":15,"column":1}},"7":{"start":{"line":13,"column":4},"end":{"line":13,"column":68}},"8":{"start":{"line":14,"column":4},"end":{"line":14,"column":20}}},"fnMap":{"0":{"name":"(anonymous_0)","decl":{"start":{"line":5,"column":17},"end":{"line":5,"column":18}},"loc":{"start":{"line":5,"column":29},"end":{"line":16,"column":1}},"line":5}},"branchMap":{"0":{"loc":{"start":{"line":8,"column":0},"end":{"line":11,"column":5}},"type":"if","locations":[{"start":{"line":8,"column":0},"end":{"line":11,"column":5}},{"start":{"line":8,"column":0},"end":{"line":11,"column":5}}],"line":8},"1":{"loc":{"start":{"line":12,"column":0},"end":{"line":15,"column":1}},"type":"if","locations":[{"start":{"line":12,"column":0},"end":{"line":15,"column":1}},{"start":{"line":12,"column":0},"end":{"line":15,"column":1}}],"line":12}},"s":{"0":3,"1":3,"2":3,"3":3,"4":0,"5":0,"6":3,"7":0,"8":0},"f":{"0":3},"b":{"0":[0,3],"1":[0,3]},"_coverageSchema":"332fd63041d2c1bcb487cc26dd0d5f7d97098a6c","hash":"af3ad9b50f2123a902d8843840a0e10fbe38178a"}
,"/home/dave/apps/javascript/projects/genres-endpoint/startup/db.js": {"path":"/home/dave/apps/javascript/projects/genres-endpoint/startup/db.js","statementMap":{"0":{"start":{"line":1,"column":16},"end":{"line":1,"column":34}},"1":{"start":{"line":2,"column":17},"end":{"line":2,"column":36}},"2":{"start":{"line":3,"column":15},"end":{"line":3,"column":32}},"3":{"start":{"line":6,"column":0},"end":{"line":12,"column":2}},"4":{"start":{"line":7,"column":15},"end":{"line":7,"column":79}},"5":{"start":{"line":8,"column":19},"end":{"line":8,"column":32}},"6":{"start":{"line":9,"column":4},"end":{"line":10,"column":62}},"7":{"start":{"line":10,"column":16},"end":{"line":10,"column":60}}},"fnMap":{"0":{"name":"(anonymous_0)","decl":{"start":{"line":6,"column":17},"end":{"line":6,"column":18}},"loc":{"start":{"line":6,"column":29},"end":{"line":12,"column":1}},"line":6},"1":{"name":"(anonymous_1)","decl":{"start":{"line":10,"column":10},"end":{"line":10,"column":11}},"loc":{"start":{"line":10,"column":16},"end":{"line":10,"column":60}},"line":10}},"branchMap":{},"s":{"0":3,"1":3,"2":3,"3":3,"4":3,"5":3,"6":3,"7":3},"f":{"0":3,"1":3},"b":{},"_coverageSchema":"332fd63041d2c1bcb487cc26dd0d5f7d97098a6c","hash":"526a67873eb974cd43c9f1c2164cab11297b2b5e"}
,"/home/dave/apps/javascript/projects/genres-endpoint/startup/logging.js": {"path":"/home/dave/apps/javascript/projects/genres-endpoint/startup/logging.js","statementMap":{"0":{"start":{"line":1,"column":16},"end":{"line":1,"column":34}},"1":{"start":{"line":2,"column":0},"end":{"line":2,"column":27}},"2":{"start":{"line":3,"column":0},"end":{"line":3,"column":32}},"3":{"start":{"line":5,"column":0},"end":{"line":23,"column":2}},"4":{"start":{"line":8,"column":4},"end":{"line":11,"column":6}},"5":{"start":{"line":13,"column":4},"end":{"line":15,"column":7}},"6":{"start":{"line":14,"column":8},"end":{"line":14,"column":19}},"7":{"start":{"line":18,"column":4},"end":{"line":18,"column":69}},"8":{"start":{"line":19,"column":4},"end":{"line":22,"column":7}}},"fnMap":{"0":{"name":"(anonymous_0)","decl":{"start":{"line":5,"column":17},"end":{"line":5,"column":18}},"loc":{"start":{"line":5,"column":28},"end":{"line":23,"column":1}},"line":5},"1":{"name":"(anonymous_1)","decl":{"start":{"line":13,"column":37},"end":{"line":13,"column":38}},"loc":{"start":{"line":13,"column":44},"end":{"line":15,"column":5}},"line":13}},"branchMap":{},"s":{"0":3,"1":3,"2":3,"3":3,"4":3,"5":3,"6":0,"7":3,"8":3},"f":{"0":3,"1":0},"b":{},"_coverageSchema":"332fd63041d2c1bcb487cc26dd0d5f7d97098a6c","hash":"245b923d2df24b87bfb5376b2eb1fa0043525155"}
,"/home/dave/apps/javascript/projects/genres-endpoint/startup/routes.js": {"path":"/home/dave/apps/javascript/projects/genres-endpoint/startup/routes.js","statementMap":{"0":{"start":{"line":1,"column":16},"end":{"line":1,"column":34}},"1":{"start":{"line":2,"column":15},"end":{"line":2,"column":42}},"2":{"start":{"line":3,"column":18},"end":{"line":3,"column":48}},"3":{"start":{"line":4,"column":15},"end":{"line":4,"column":42}},"4":{"start":{"line":5,"column":16},"end":{"line":5,"column":44}},"5":{"start":{"line":6,"column":14},"end":{"line":6,"column":40}},"6":{"start":{"line":7,"column":13},"end":{"line":7,"column":38}},"7":{"start":{"line":8,"column":16},"end":{"line":8,"column":44}},"8":{"start":{"line":9,"column":14},"end":{"line":9,"column":44}},"9":{"start":{"line":12,"column":0},"end":{"line":23,"column":2}},"10":{"start":{"line":13,"column":4},"end":{"line":13,"column":28}},"11":{"start":{"line":14,"column":4},"end":{"line":14,"column":36}},"12":{"start":{"line":15,"column":4},"end":{"line":15,"column":42}},"13":{"start":{"line":16,"column":4},"end":{"line":16,"column":35}},"14":{"start":{"line":17,"column":4},"end":{"line":17,"column":37}},"15":{"start":{"line":18,"column":4},"end":{"line":18,"column":33}},"16":{"start":{"line":19,"column":4},"end":{"line":19,"column":31}},"17":{"start":{"line":20,"column":4},"end":{"line":20,"column":37}},"18":{"start":{"line":22,"column":4},"end":{"line":22,"column":19}}},"fnMap":{"0":{"name":"(anonymous_0)","decl":{"start":{"line":12,"column":17},"end":{"line":12,"column":18}},"loc":{"start":{"line":12,"column":32},"end":{"line":23,"column":1}},"line":12}},"branchMap":{},"s":{"0":3,"1":3,"2":3,"3":3,"4":3,"5":3,"6":3,"7":3,"8":3,"9":3,"10":3,"11":3,"12":3,"13":3,"14":3,"15":3,"16":3,"17":3,"18":3},"f":{"0":3},"b":{},"_coverageSchema":"332fd63041d2c1bcb487cc26dd0d5f7d97098a6c","hash":"94ccd6cb3048674287fd53d43f42839a2fe7f738"}
,"/home/dave/apps/javascript/projects/genres-endpoint/startup/validation.js": {"path":"/home/dave/apps/javascript/projects/genres-endpoint/startup/validation.js","statementMap":{"0":{"start":{"line":1,"column":12},"end":{"line":1,"column":26}},"1":{"start":{"line":3,"column":0},"end":{"line":6,"column":2}},"2":{"start":{"line":5,"column":4},"end":{"line":5,"column":48}}},"fnMap":{"0":{"name":"(anonymous_0)","decl":{"start":{"line":3,"column":17},"end":{"line":3,"column":18}},"loc":{"start":{"line":3,"column":29},"end":{"line":6,"column":1}},"line":3}},"branchMap":{},"s":{"0":3,"1":3,"2":3},"f":{"0":3},"b":{},"_coverageSchema":"332fd63041d2c1bcb487cc26dd0d5f7d97098a6c","hash":"4ab4260bb777d1cd57b71c7c8fac7d2ecec88b46"}
}
