TN:
SF:/home/dave/apps/javascript/projects/genres-endpoint/index.js
FN:26,(anonymous_0)
FN:34,(anonymous_1)
FN:42,(anonymous_2)
FNF:3
FNH:1
FNDA:0,(anonymous_0)
FNDA:0,(anonymous_1)
FNDA:3,(anonymous_2)
DA:3,3
DA:4,3
DA:5,3
DA:8,3
DA:9,3
DA:10,3
DA:11,3
DA:12,3
DA:26,3
DA:27,0
DA:28,0
DA:34,3
DA:35,0
DA:41,3
DA:42,3
DA:44,3
LF:16
LH:13
BRDA:41,0,0,3
BRDA:41,0,1,0
BRF:2
BRH:1
end_of_record
TN:
SF:/home/dave/apps/javascript/projects/genres-endpoint/middleware/admin.js
FN:6,(anonymous_0)
FNF:1
FNH:0
FNDA:0,(anonymous_0)
DA:6,3
DA:8,0
DA:10,0
LF:3
LH:1
BRDA:8,0,0,0
BRDA:8,0,1,0
BRF:2
BRH:0
end_of_record
TN:
SF:/home/dave/apps/javascript/projects/genres-endpoint/middleware/async.js
FN:2,(anonymous_0)
FN:4,(anonymous_1)
FNF:2
FNH:2
FNDA:9,(anonymous_0)
FNDA:7,(anonymous_1)
DA:2,3
DA:4,9
DA:5,7
DA:6,7
DA:9,0
LF:5
LH:4
BRF:0
BRH:0
end_of_record
TN:
SF:/home/dave/apps/javascript/projects/genres-endpoint/middleware/auth.js
FN:5,(anonymous_0)
FNF:1
FNH:1
FNDA:19,(anonymous_0)
DA:1,4
DA:2,4
DA:5,4
DA:7,19
DA:8,19
DA:10,16
DA:11,16
DA:12,15
DA:13,15
DA:16,1
LF:10
LH:10
BRDA:8,0,0,3
BRDA:8,0,1,16
BRF:2
BRH:2
end_of_record
TN:
SF:/home/dave/apps/javascript/projects/genres-endpoint/middleware/error.js
FN:3,(anonymous_0)
FNF:1
FNH:0
FNDA:0,(anonymous_0)
DA:1,3
DA:3,3
DA:7,0
DA:10,0
DA:11,0
DA:13,0
LF:6
LH:2
BRDA:10,0,0,0
BRDA:10,0,1,0
BRDA:10,1,0,0
BRDA:10,1,1,0
BRF:4
BRH:0
end_of_record
TN:
SF:/home/dave/apps/javascript/projects/genres-endpoint/middleware/validate.js
FN:2,(anonymous_0)
FN:3,(anonymous_1)
FNF:2
FNH:2
FNDA:3,(anonymous_0)
FNDA:9,(anonymous_1)
DA:2,3
DA:3,3
DA:4,9
DA:5,9
DA:6,7
LF:5
LH:5
BRDA:5,0,0,2
BRDA:5,0,1,7
BRF:2
BRH:2
end_of_record
TN:
SF:/home/dave/apps/javascript/projects/genres-endpoint/middleware/validateObjectId.js
FN:3,(anonymous_0)
FNF:1
FNH:1
FNDA:2,(anonymous_0)
DA:1,3
DA:3,3
DA:5,2
DA:6,1
DA:8,1
LF:5
LH:5
BRDA:5,0,0,1
BRDA:5,0,1,1
BRF:2
BRH:2
end_of_record
TN:
SF:/home/dave/apps/javascript/projects/genres-endpoint/models/customers.js
FN:26,validateCustomers
FNF:1
FNH:0
FNDA:0,validateCustomers
DA:1,3
DA:2,3
DA:6,3
DA:27,0
DA:33,0
DA:37,3
DA:38,3
LF:7
LH:5
BRF:0
BRH:0
end_of_record
TN:
SF:/home/dave/apps/javascript/projects/genres-endpoint/models/genres.js
FN:24,validateGenre
FNF:1
FNH:1
FNDA:5,validateGenre
DA:1,3
DA:2,3
DA:12,3
DA:21,3
DA:25,5
DA:29,5
DA:33,3
DA:34,3
DA:35,3
LF:9
LH:9
BRF:0
BRH:0
end_of_record
TN:
SF:/home/dave/apps/javascript/projects/genres-endpoint/models/movies.js
FN:33,validateMovie
FNF:1
FNH:0
FNDA:0,validateMovie
DA:1,3
DA:2,3
DA:3,3
DA:7,3
DA:34,0
DA:41,0
DA:45,3
DA:46,3
LF:8
LH:6
BRF:0
BRH:0
end_of_record
TN:
SF:/home/dave/apps/javascript/projects/genres-endpoint/models/rentals.js
FN:67,(anonymous_0)
FN:74,(anonymous_1)
FN:83,validateRental
FNF:3
FNH:2
FNDA:7,(anonymous_0)
FNDA:5,(anonymous_1)
FNDA:0,validateRental
DA:8,3
DA:9,3
DA:10,3
DA:13,3
DA:67,3
DA:68,7
DA:74,3
DA:75,5
DA:77,5
DA:78,5
DA:81,3
DA:84,0
DA:89,0
DA:92,3
DA:93,3
LF:15
LH:13
BRF:0
BRH:0
end_of_record
TN:
SF:/home/dave/apps/javascript/projects/genres-endpoint/models/user.js
FN:37,(anonymous_0)
FN:57,validateUser
FNF:2
FNH:1
FNDA:20,(anonymous_0)
FNDA:0,validateUser
DA:1,5
DA:2,5
DA:3,5
DA:4,5
DA:5,5
DA:9,5
DA:37,5
DA:38,20
DA:39,20
DA:42,5
DA:45,5
DA:54,5
DA:58,0
DA:65,0
DA:69,5
DA:70,5
LF:16
LH:14
BRF:0
BRH:0
end_of_record
TN:
SF:/home/dave/apps/javascript/projects/genres-endpoint/routes/auth.js
FN:11,(anonymous_0)
FN:28,validate
FNF:2
FNH:0
FNDA:0,(anonymous_0)
FNDA:0,validate
DA:1,3
DA:2,3
DA:3,3
DA:4,3
DA:5,3
DA:6,3
DA:7,3
DA:8,3
DA:11,3
DA:12,0
DA:13,0
DA:15,0
DA:16,0
DA:18,0
DA:19,0
DA:21,0
DA:23,0
DA:29,0
DA:35,0
DA:39,3
LF:20
LH:10
BRDA:13,0,0,0
BRDA:13,0,1,0
BRDA:16,1,0,0
BRDA:16,1,1,0
BRDA:19,2,0,0
BRDA:19,2,1,0
BRF:6
BRH:0
end_of_record
TN:
SF:/home/dave/apps/javascript/projects/genres-endpoint/routes/customers.js
FN:5,(anonymous_0)
FN:12,(anonymous_1)
FN:22,(anonymous_2)
FN:38,(anonymous_3)
FN:61,(anonymous_4)
FNF:5
FNH:0
FNDA:0,(anonymous_0)
FNDA:0,(anonymous_1)
FNDA:0,(anonymous_2)
FNDA:0,(anonymous_3)
FNDA:0,(anonymous_4)
DA:1,3
DA:2,3
DA:3,3
DA:5,3
DA:6,0
DA:7,0
DA:12,3
DA:14,0
DA:16,0
DA:17,0
DA:22,3
DA:23,0
DA:24,0
DA:26,0
DA:32,0
DA:33,0
DA:38,3
DA:41,0
DA:42,0
DA:44,0
DA:54,0
DA:56,0
DA:61,3
DA:64,0
DA:65,0
DA:68,0
DA:72,3
LF:27
LH:9
BRDA:16,0,0,0
BRDA:16,0,1,0
BRDA:24,1,0,0
BRDA:24,1,1,0
BRDA:42,2,0,0
BRDA:42,2,1,0
BRDA:54,3,0,0
BRDA:54,3,1,0
BRDA:65,4,0,0
BRDA:65,4,1,0
BRF:10
BRH:0
end_of_record
TN:
SF:/home/dave/apps/javascript/projects/genres-endpoint/routes/genres.js
FN:12,(anonymous_0)
FN:21,(anonymous_1)
FN:32,(anonymous_2)
FN:44,(anonymous_3)
FN:62,(anonymous_4)
FNF:5
FNH:3
FNDA:1,(anonymous_0)
FNDA:1,(anonymous_1)
FNDA:5,(anonymous_2)
FNDA:0,(anonymous_3)
FNDA:0,(anonymous_4)
DA:1,3
DA:2,3
DA:3,3
DA:4,3
DA:5,3
DA:6,3
DA:7,3
DA:8,3
DA:12,3
DA:14,1
DA:15,1
DA:21,3
DA:23,1
DA:25,1
DA:27,1
DA:32,3
DA:34,5
DA:35,5
DA:37,3
DA:38,3
DA:39,3
DA:44,3
DA:47,0
DA:48,0
DA:50,0
DA:55,0
DA:57,0
DA:62,3
DA:65,0
DA:66,0
DA:69,0
DA:72,3
LF:32
LH:24
BRDA:25,0,0,0
BRDA:25,0,1,1
BRDA:35,1,0,2
BRDA:35,1,1,3
BRDA:48,2,0,0
BRDA:48,2,1,0
BRDA:55,3,0,0
BRDA:55,3,1,0
BRDA:66,4,0,0
BRDA:66,4,1,0
BRF:10
BRH:3
end_of_record
TN:
SF:/home/dave/apps/javascript/projects/genres-endpoint/routes/movies.js
FN:7,(anonymous_0)
FN:14,(anonymous_1)
FN:24,(anonymous_2)
FN:47,(anonymous_3)
FN:73,(anonymous_4)
FNF:5
FNH:0
FNDA:0,(anonymous_0)
FNDA:0,(anonymous_1)
FNDA:0,(anonymous_2)
FNDA:0,(anonymous_3)
FNDA:0,(anonymous_4)
DA:1,3
DA:2,3
DA:3,3
DA:4,3
DA:5,3
DA:7,3
DA:8,0
DA:9,0
DA:14,3
DA:16,0
DA:18,0
DA:19,0
DA:24,3
DA:25,0
DA:26,0
DA:28,0
DA:29,0
DA:31,0
DA:41,0
DA:42,0
DA:47,3
DA:50,0
DA:51,0
DA:53,0
DA:66,0
DA:68,0
DA:73,3
DA:76,0
DA:77,0
DA:80,0
DA:84,3
LF:31
LH:11
BRDA:18,0,0,0
BRDA:18,0,1,0
BRDA:26,1,0,0
BRDA:26,1,1,0
BRDA:29,2,0,0
BRDA:29,2,1,0
BRDA:51,3,0,0
BRDA:51,3,1,0
BRDA:66,4,0,0
BRDA:66,4,1,0
BRDA:77,5,0,0
BRDA:77,5,1,0
BRF:12
BRH:0
end_of_record
TN:
SF:/home/dave/apps/javascript/projects/genres-endpoint/routes/rentals.js
FN:21,(anonymous_0)
FN:26,(anonymous_1)
FN:74,(anonymous_2)
FNF:3
FNH:0
FNDA:0,(anonymous_0)
FNDA:0,(anonymous_1)
FNDA:0,(anonymous_2)
DA:9,3
DA:10,3
DA:11,3
DA:12,3
DA:13,3
DA:14,3
DA:15,3
DA:16,3
DA:19,3
DA:21,3
DA:22,0
DA:23,0
DA:26,3
DA:27,0
DA:28,0
DA:30,0
DA:31,0
DA:33,0
DA:34,0
DA:36,0
DA:38,0
DA:66,0
DA:68,0
DA:69,0
DA:71,0
DA:74,3
DA:75,0
DA:77,0
DA:79,0
DA:82,3
LF:30
LH:13
BRDA:28,0,0,0
BRDA:28,0,1,0
BRDA:31,1,0,0
BRDA:31,1,1,0
BRDA:34,2,0,0
BRDA:34,2,1,0
BRDA:36,3,0,0
BRDA:36,3,1,0
BRDA:77,4,0,0
BRDA:77,4,1,0
BRF:10
BRH:0
end_of_record
TN:
SF:/home/dave/apps/javascript/projects/genres-endpoint/routes/returns.js
FN:9,(anonymous_0)
FN:29,validateReturn
FNF:2
FNH:2
FNDA:7,(anonymous_0)
FNDA:16,validateReturn
DA:1,3
DA:2,3
DA:3,3
DA:4,3
DA:5,3
DA:6,3
DA:7,3
DA:9,3
DA:10,7
DA:11,7
DA:13,7
DA:15,7
DA:17,6
DA:19,5
DA:20,5
DA:22,5
DA:26,5
DA:30,16
DA:35,16
DA:38,3
LF:20
LH:20
BRDA:11,0,0,0
BRDA:11,0,1,7
BRDA:15,1,0,1
BRDA:15,1,1,6
BRDA:17,2,0,1
BRDA:17,2,1,5
BRF:6
BRH:5
end_of_record
TN:
SF:/home/dave/apps/javascript/projects/genres-endpoint/routes/users.js
FN:12,(anonymous_0)
FN:17,(anonymous_1)
FNF:2
FNH:0
FNDA:0,(anonymous_0)
FNDA:0,(anonymous_1)
DA:1,3
DA:2,3
DA:3,3
DA:4,3
DA:5,3
DA:6,3
DA:7,3
DA:8,3
DA:9,3
DA:10,3
DA:12,3
DA:13,0
DA:14,0
DA:17,3
DA:18,0
DA:19,0
DA:21,0
DA:22,0
DA:24,0
DA:25,0
DA:26,0
DA:28,0
DA:30,0
DA:31,0
DA:36,3
LF:25
LH:13
BRDA:19,0,0,0
BRDA:19,0,1,0
BRDA:22,1,0,0
BRDA:22,1,1,0
BRF:4
BRH:0
end_of_record
TN:
SF:/home/dave/apps/javascript/projects/genres-endpoint/startup/config.js
FN:5,(anonymous_0)
FNF:1
FNH:1
FNDA:3,(anonymous_0)
DA:1,3
DA:3,3
DA:5,3
DA:8,3
DA:9,0
DA:10,0
DA:12,3
DA:13,0
DA:14,0
LF:9
LH:5
BRDA:8,0,0,0
BRDA:8,0,1,3
BRDA:12,1,0,0
BRDA:12,1,1,3
BRF:4
BRH:2
end_of_record
TN:
SF:/home/dave/apps/javascript/projects/genres-endpoint/startup/db.js
FN:6,(anonymous_0)
FN:10,(anonymous_1)
FNF:2
FNH:2
FNDA:3,(anonymous_0)
FNDA:3,(anonymous_1)
DA:1,3
DA:2,3
DA:3,3
DA:6,3
DA:7,3
DA:8,3
DA:9,3
DA:10,3
LF:8
LH:8
BRF:0
BRH:0
end_of_record
TN:
SF:/home/dave/apps/javascript/projects/genres-endpoint/startup/logging.js
FN:5,(anonymous_0)
FN:13,(anonymous_1)
FNF:2
FNH:1
FNDA:3,(anonymous_0)
FNDA:0,(anonymous_1)
DA:1,3
DA:2,3
DA:3,3
DA:5,3
DA:8,3
DA:13,3
DA:14,0
DA:18,3
DA:19,3
LF:9
LH:8
BRF:0
BRH:0
end_of_record
TN:
SF:/home/dave/apps/javascript/projects/genres-endpoint/startup/routes.js
FN:12,(anonymous_0)
FNF:1
FNH:1
FNDA:3,(anonymous_0)
DA:1,3
DA:2,3
DA:3,3
DA:4,3
DA:5,3
DA:6,3
DA:7,3
DA:8,3
DA:9,3
DA:12,3
DA:13,3
DA:14,3
DA:15,3
DA:16,3
DA:17,3
DA:18,3
DA:19,3
DA:20,3
DA:22,3
LF:19
LH:19
BRF:0
BRH:0
end_of_record
TN:
SF:/home/dave/apps/javascript/projects/genres-endpoint/startup/validation.js
FN:3,(anonymous_0)
FNF:1
FNH:1
FNDA:3,(anonymous_0)
DA:1,3
DA:3,3
DA:5,3
LF:3
LH:3
BRF:0
BRH:0
end_of_record
